######################################################
#               CLUSTER INFORMATION                  #
######################################################
# OS: \S Kernel \r on an \m  
# ARCH: x86_64
# KERNEL: Linux adh15-ean-s4rm 3.10.0-514.21.2.el7.x86_64 #1 SMP Tue Jun 20 12:24:47 UTC 2017 x86_64 x86_64 x86_64 GNU/Linux
# MEMORY: MemTotal:       13336628 kB
# TOTAL YARN NODES: 1
# HADOOP_VERSION: Hadoop 2.7.3-arenadata
# HADOOP_CONF_DIR: /etc/hadoop/conf
# HADOOP_MAPRED_HOME: /usr/lib/hadoop-mapreduce
# BASH_VERSION: 4.2.46(1)-release
# SH_VERSION: 4.2.46(1)-release
# JAVA_HOME: /usr/jdk64/jdk1.8.0_141/
# JAVA_VERSION: 1.8.0_141
######################################################
#                 STARTING ITEST                     #
######################################################
# Use --debug/--info for more details
Starting Build
Evaluating root project 'buildSrc' using build file '/stage/bigtop-smokes-suite-1.2.0/buildSrc/build.gradle'.
Selected primary task 'clean' from project :
Selected primary task 'build' from project :
:clean (Thread[main,5,main]) started.
:buildSrc:clean
Executing task ':clean' (up-to-date check took 0.001 secs) due to:
  Task has not declared any outputs.
:buildSrc:clean UP-TO-DATE
:clean (Thread[main,5,main]) completed. Took 0.005 secs.
:compileJava (Thread[main,5,main]) started.
:buildSrc:compileJava
file or directory '/stage/bigtop-smokes-suite-1.2.0/buildSrc/src/main/java', not found
Skipping task ':compileJava' as it has no source files.
:buildSrc:compileJava UP-TO-DATE
:compileJava (Thread[main,5,main]) completed. Took 0.019 secs.
:compileGroovy (Thread[main,5,main]) started.
:buildSrc:compileGroovy
Executing task ':compileGroovy' (up-to-date check took 0.824 secs) due to:
  No history is available.
Starting process 'Gradle Compiler Daemon 1'. Working directory: /stage/bigtop-smokes-suite-1.2.0/buildSrc Command: /usr/jdk64/jdk1.8.0_141/bin/java -Djava.security.manager=jarjar.org.gradle.process.internal.child.BootstrapSecurityManager -Dfile.encoding=UTF-8 -Duser.country=US -Duser.language=en -Duser.variant -cp /home/hdfs/.gradle/caches/2.12/workerMain/gradle-worker.jar jarjar.org.gradle.process.internal.launcher.GradleWorkerMain 'Gradle Compiler Daemon 1'
Successfully started process 'Gradle Compiler Daemon 1'
Started Gradle compiler daemon (0.633 secs) with fork options DaemonForkOptions{minHeapSize=null, maxHeapSize=null, jvmArgs=[], classpath=[/home/hdfs/.gradle/wrapper/dists/gradle-2.12-bin/b7aff38312562bf551204a74707109af/gradle-2.12/lib/groovy-all-2.4.4.jar, /home/hdfs/.gradle/wrapper/dists/gradle-2.12-bin/b7aff38312562bf551204a74707109af/gradle-2.12/lib/ant-1.9.3.jar, /home/hdfs/.gradle/wrapper/dists/gradle-2.12-bin/b7aff38312562bf551204a74707109af/gradle-2.12/lib/ant-launcher-1.9.3.jar]}.
Executing org.gradle.api.internal.tasks.compile.ApiGroovyCompiler@312444cd in compiler daemon.
Successfully executed org.gradle.api.internal.tasks.compile.ApiGroovyCompiler@312444cd in compiler daemon.
:compileGroovy (Thread[main,5,main]) completed. Took 2.724 secs.
:processResources (Thread[main,5,main]) started.
:buildSrc:processResources
file or directory '/stage/bigtop-smokes-suite-1.2.0/buildSrc/src/main/resources', not found
Skipping task ':processResources' as it has no source files.
:buildSrc:processResources UP-TO-DATE
:processResources (Thread[main,5,main]) completed. Took 0.001 secs.
:classes (Thread[main,5,main]) started.
:buildSrc:classes
Skipping task ':classes' as it has no actions.
:classes (Thread[main,5,main]) completed. Took 0.001 secs.
:jar (Thread[main,5,main]) started.
:buildSrc:jar
Executing task ':jar' (up-to-date check took 0.013 secs) due to:
  No history is available.
:jar (Thread[main,5,main]) completed. Took 0.092 secs.
:assemble (Thread[main,5,main]) started.
:buildSrc:assemble
Skipping task ':assemble' as it has no actions.
:assemble (Thread[main,5,main]) completed. Took 0.001 secs.
:compileTestJava (Thread[main,5,main]) started.
:buildSrc:compileTestJava
file or directory '/stage/bigtop-smokes-suite-1.2.0/buildSrc/src/test/java', not found
Skipping task ':compileTestJava' as it has no source files.
:buildSrc:compileTestJava UP-TO-DATE
:compileTestJava (Thread[main,5,main]) completed. Took 0.001 secs.
:compileTestGroovy (Thread[main,5,main]) started.
:buildSrc:compileTestGroovy
Executing task ':compileTestGroovy' (up-to-date check took 0.028 secs) due to:
  No history is available.
Executing org.gradle.api.internal.tasks.compile.ApiGroovyCompiler@4536eaa1 in compiler daemon.
Successfully executed org.gradle.api.internal.tasks.compile.ApiGroovyCompiler@4536eaa1 in compiler daemon.
:compileTestGroovy (Thread[main,5,main]) completed. Took 0.417 secs.
:processTestResources (Thread[main,5,main]) started.
:buildSrc:processTestResources
file or directory '/stage/bigtop-smokes-suite-1.2.0/buildSrc/src/test/resources', not found
Skipping task ':processTestResources' as it has no source files.
:buildSrc:processTestResources UP-TO-DATE
:processTestResources (Thread[main,5,main]) completed. Took 0.001 secs.
:testClasses (Thread[main,5,main]) started.
:buildSrc:testClasses
Skipping task ':testClasses' as it has no actions.
:testClasses (Thread[main,5,main]) completed. Took 0.001 secs.
:test (Thread[main,5,main]) started.
:buildSrc:test
Executing task ':test' (up-to-date check took 0.035 secs) due to:
  No history is available.
Starting process 'Gradle Test Executor 2'. Working directory: /stage/bigtop-smokes-suite-1.2.0/buildSrc Command: /usr/jdk64/jdk1.8.0_141/bin/java -Djava.security.manager=jarjar.org.gradle.process.internal.child.BootstrapSecurityManager -Dfile.encoding=UTF-8 -Duser.country=US -Duser.language=en -Duser.variant -ea -cp /home/hdfs/.gradle/caches/2.12/workerMain/gradle-worker.jar jarjar.org.gradle.process.internal.launcher.GradleWorkerMain 'Gradle Test Executor 2'
Successfully started process 'Gradle Test Executor 2'
Gradle Test Executor 2 started executing tests.
Gradle Test Executor 2 finished executing tests.
Finished generating test XML results (0.005 secs) into: /stage/bigtop-smokes-suite-1.2.0/buildSrc/build/test-results
Generating HTML test report...
Finished generating test html results (0.026 secs) into: /stage/bigtop-smokes-suite-1.2.0/buildSrc/build/reports/tests
:test (Thread[main,5,main]) completed. Took 1.692 secs.
:check (Thread[main,5,main]) started.
:buildSrc:check
Skipping task ':check' as it has no actions.
:check (Thread[main,5,main]) completed. Took 0.001 secs.
:build (Thread[main,5,main]) started.
:buildSrc:build
Skipping task ':build' as it has no actions.
:build (Thread[main,5,main]) completed. Took 0.0 secs.
Stopped 1 compiler daemon(s).
Settings evaluated using settings file '/stage/bigtop-smokes-suite-1.2.0/settings.gradle'.
Projects loaded. Root project using build file '/stage/bigtop-smokes-suite-1.2.0/build.gradle'.
Included projects: [root project 'bigtop', project ':bigtop-tests', project ':itest-common', project ':bigtop-tests:smoke-tests', project ':bigtop-tests:smoke-tests:alluxio', project ':bigtop-tests:smoke-tests:ambari', project ':bigtop-tests:smoke-tests:apex', project ':bigtop-tests:smoke-tests:flume', project ':bigtop-tests:smoke-tests:gpdb', project ':bigtop-tests:smoke-tests:hcfs', project ':bigtop-tests:smoke-tests:hdfs', project ':bigtop-tests:smoke-tests:hive', project ':bigtop-tests:smoke-tests:ignite-hadoop', project ':bigtop-tests:smoke-tests:kite', project ':bigtop-tests:smoke-tests:logger-test-config', project ':bigtop-tests:smoke-tests:mahout', project ':bigtop-tests:smoke-tests:mapreduce', project ':bigtop-tests:smoke-tests:odpi-runtime', project ':bigtop-tests:smoke-tests:oozie', project ':bigtop-tests:smoke-tests:phoenix', project ':bigtop-tests:smoke-tests:pig', project ':bigtop-tests:smoke-tests:qfs', project ':bigtop-tests:smoke-tests:solr', project ':bigtop-tests:smoke-tests:spark', project ':bigtop-tests:smoke-tests:sqoop', project ':bigtop-tests:smoke-tests:tajo', project ':bigtop-tests:smoke-tests:yarn', project ':bigtop-tests:smoke-tests:zookeeper']
Evaluating root project 'bigtop' using build file '/stage/bigtop-smokes-suite-1.2.0/build.gradle'.
Starting process 'command '/bin/bash''. Working directory: /stage/bigtop-smokes-suite-1.2.0 Command: /bin/bash -c dpkg-query -S /bin/sh && exit 1
       rpm -qf /bin/sh && exit 2
       exit 0
    
Successfully started process 'command '/bin/bash''
file or directory '/stage/bigtop-smokes-suite-1.2.0/bigtop-tests/-----------', not found
Evaluating project ':bigtop-tests' using build file '/stage/bigtop-smokes-suite-1.2.0/bigtop-tests/build.gradle'.
Evaluating project ':itest-common' using build file '/stage/bigtop-smokes-suite-1.2.0/bigtop-test-framework/build.gradle'.
Evaluating project ':bigtop-tests:smoke-tests' using build file '/stage/bigtop-smokes-suite-1.2.0/bigtop-tests/smoke-tests/build.gradle'.
Evaluating project ':bigtop-tests:smoke-tests:alluxio' using build file '/stage/bigtop-smokes-suite-1.2.0/bigtop-tests/smoke-tests/alluxio/build.gradle'.
Evaluating project ':bigtop-tests:smoke-tests:ambari' using build file '/stage/bigtop-smokes-suite-1.2.0/bigtop-tests/smoke-tests/ambari/build.gradle'.
Evaluating project ':bigtop-tests:smoke-tests:apex' using build file '/stage/bigtop-smokes-suite-1.2.0/bigtop-tests/smoke-tests/apex/build.gradle'.
Evaluating project ':bigtop-tests:smoke-tests:flume' using build file '/stage/bigtop-smokes-suite-1.2.0/bigtop-tests/smoke-tests/flume/build.gradle'.
Evaluating project ':bigtop-tests:smoke-tests:gpdb' using build file '/stage/bigtop-smokes-suite-1.2.0/bigtop-tests/smoke-tests/gpdb/build.gradle'.
Evaluating project ':bigtop-tests:smoke-tests:hcfs' using build file '/stage/bigtop-smokes-suite-1.2.0/bigtop-tests/smoke-tests/hcfs/build.gradle'.
Evaluating project ':bigtop-tests:smoke-tests:hdfs' using build file '/stage/bigtop-smokes-suite-1.2.0/bigtop-tests/smoke-tests/hdfs/build.gradle'.
Evaluating project ':bigtop-tests:smoke-tests:hive' using build file '/stage/bigtop-smokes-suite-1.2.0/bigtop-tests/smoke-tests/hive/build.gradle'.
Evaluating project ':bigtop-tests:smoke-tests:ignite-hadoop' using build file '/stage/bigtop-smokes-suite-1.2.0/bigtop-tests/smoke-tests/ignite-hadoop/build.gradle'.
Evaluating project ':bigtop-tests:smoke-tests:kite' using build file '/stage/bigtop-smokes-suite-1.2.0/bigtop-tests/smoke-tests/kite/build.gradle'.
Evaluating project ':bigtop-tests:smoke-tests:logger-test-config' using build file '/stage/bigtop-smokes-suite-1.2.0/bigtop-tests/smoke-tests/logger-test-config/build.gradle'.
Evaluating project ':bigtop-tests:smoke-tests:mahout' using build file '/stage/bigtop-smokes-suite-1.2.0/bigtop-tests/smoke-tests/mahout/build.gradle'.
Evaluating project ':bigtop-tests:smoke-tests:mapreduce' using build file '/stage/bigtop-smokes-suite-1.2.0/bigtop-tests/smoke-tests/mapreduce/build.gradle'.
Evaluating project ':bigtop-tests:smoke-tests:odpi-runtime' using build file '/stage/bigtop-smokes-suite-1.2.0/bigtop-tests/smoke-tests/odpi-runtime/build.gradle'.
Evaluating project ':bigtop-tests:smoke-tests:oozie' using build file '/stage/bigtop-smokes-suite-1.2.0/bigtop-tests/smoke-tests/oozie/build.gradle'.
Evaluating project ':bigtop-tests:smoke-tests:phoenix' using build file '/stage/bigtop-smokes-suite-1.2.0/bigtop-tests/smoke-tests/phoenix/build.gradle'.
Evaluating project ':bigtop-tests:smoke-tests:pig' using build file '/stage/bigtop-smokes-suite-1.2.0/bigtop-tests/smoke-tests/pig/build.gradle'.
Evaluating project ':bigtop-tests:smoke-tests:qfs' using build file '/stage/bigtop-smokes-suite-1.2.0/bigtop-tests/smoke-tests/qfs/build.gradle'.
Evaluating project ':bigtop-tests:smoke-tests:solr' using build file '/stage/bigtop-smokes-suite-1.2.0/bigtop-tests/smoke-tests/solr/build.gradle'.
Evaluating project ':bigtop-tests:smoke-tests:spark' using build file '/stage/bigtop-smokes-suite-1.2.0/bigtop-tests/smoke-tests/spark/build.gradle'.
Evaluating project ':bigtop-tests:smoke-tests:sqoop' using build file '/stage/bigtop-smokes-suite-1.2.0/bigtop-tests/smoke-tests/sqoop/build.gradle'.
Evaluating project ':bigtop-tests:smoke-tests:tajo' using build file '/stage/bigtop-smokes-suite-1.2.0/bigtop-tests/smoke-tests/tajo/build.gradle'.
Evaluating project ':bigtop-tests:smoke-tests:yarn' using build file '/stage/bigtop-smokes-suite-1.2.0/bigtop-tests/smoke-tests/yarn/build.gradle'.
Evaluating project ':bigtop-tests:smoke-tests:zookeeper' using build file '/stage/bigtop-smokes-suite-1.2.0/bigtop-tests/smoke-tests/zookeeper/build.gradle'.
All projects evaluated.
Selected primary task 'clean' from project :
Selected primary task 'bigtop-tests:smoke-tests:odpi-runtime:test' from project :bigtop-tests:smoke-tests:odpi-runtime
Tasks to be executed: [task ':clean', task ':bigtop-tests:clean', task ':itest-common:clean', task ':bigtop-tests:smoke-tests:clean', task ':bigtop-tests:smoke-tests:alluxio:clean', task ':bigtop-tests:smoke-tests:ambari:clean', task ':bigtop-tests:smoke-tests:apex:clean', task ':bigtop-tests:smoke-tests:flume:clean', task ':bigtop-tests:smoke-tests:gpdb:clean', task ':bigtop-tests:smoke-tests:hcfs:clean', task ':bigtop-tests:smoke-tests:hdfs:clean', task ':bigtop-tests:smoke-tests:hive:clean', task ':bigtop-tests:smoke-tests:ignite-hadoop:clean', task ':bigtop-tests:smoke-tests:kite:clean', task ':bigtop-tests:smoke-tests:logger-test-config:clean', task ':bigtop-tests:smoke-tests:mahout:clean', task ':bigtop-tests:smoke-tests:mapreduce:clean', task ':bigtop-tests:smoke-tests:odpi-runtime:clean', task ':bigtop-tests:smoke-tests:oozie:clean', task ':bigtop-tests:smoke-tests:phoenix:clean', task ':bigtop-tests:smoke-tests:pig:clean', task ':bigtop-tests:smoke-tests:qfs:clean', task ':bigtop-tests:smoke-tests:solr:clean', task ':bigtop-tests:smoke-tests:spark:clean', task ':bigtop-tests:smoke-tests:sqoop:clean', task ':bigtop-tests:smoke-tests:tajo:clean', task ':bigtop-tests:smoke-tests:yarn:clean', task ':bigtop-tests:smoke-tests:zookeeper:clean', task ':bigtop-tests:smoke-tests:logger-test-config:compileJava', task ':bigtop-tests:smoke-tests:logger-test-config:compileGroovy', task ':bigtop-tests:smoke-tests:logger-test-config:processResources', task ':bigtop-tests:smoke-tests:logger-test-config:classes', task ':bigtop-tests:smoke-tests:logger-test-config:jar', task ':bigtop-tests:smoke-tests:odpi-runtime:compileJava', task ':bigtop-tests:smoke-tests:odpi-runtime:compileGroovy', task ':bigtop-tests:smoke-tests:odpi-runtime:processResources', task ':bigtop-tests:smoke-tests:odpi-runtime:classes', task ':bigtop-tests:smoke-tests:odpi-runtime:jar', task ':bigtop-tests:smoke-tests:odpi-runtime:compileTestJava', task ':bigtop-tests:smoke-tests:odpi-runtime:compileTestGroovy', task ':bigtop-tests:smoke-tests:odpi-runtime:processTestResources', task ':bigtop-tests:smoke-tests:odpi-runtime:testClasses', task ':bigtop-tests:smoke-tests:odpi-runtime:test']
:clean (Thread[main,5,main]) started.
:clean
Executing task ':clean' (up-to-date check took 0.001 secs) due to:
  Task has not declared any outputs.
:clean UP-TO-DATE
:clean (Thread[main,5,main]) completed. Took 0.002 secs.
:bigtop-tests:clean (Thread[main,5,main]) started.
:bigtop-tests:clean
Executing task ':bigtop-tests:clean' (up-to-date check took 0.0 secs) due to:
  Task has not declared any outputs.
:bigtop-tests:clean UP-TO-DATE
:bigtop-tests:clean (Thread[main,5,main]) completed. Took 0.001 secs.
:itest-common:clean (Thread[main,5,main]) started.
:itest-common:clean
Executing task ':itest-common:clean' (up-to-date check took 0.0 secs) due to:
  Task has not declared any outputs.
:itest-common:clean UP-TO-DATE
:itest-common:clean (Thread[main,5,main]) completed. Took 0.001 secs.
:bigtop-tests:smoke-tests:clean (Thread[main,5,main]) started.
:bigtop-tests:smoke-tests:clean
Executing task ':bigtop-tests:smoke-tests:clean' (up-to-date check took 0.0 secs) due to:
  Task has not declared any outputs.
:bigtop-tests:smoke-tests:clean UP-TO-DATE
:bigtop-tests:smoke-tests:clean (Thread[main,5,main]) completed. Took 0.0 secs.
:bigtop-tests:smoke-tests:alluxio:clean (Thread[main,5,main]) started.
:bigtop-tests:smoke-tests:alluxio:clean
Executing task ':bigtop-tests:smoke-tests:alluxio:clean' (up-to-date check took 0.0 secs) due to:
  Task has not declared any outputs.
:bigtop-tests:smoke-tests:alluxio:clean UP-TO-DATE
:bigtop-tests:smoke-tests:alluxio:clean (Thread[main,5,main]) completed. Took 0.0 secs.
:bigtop-tests:smoke-tests:ambari:clean (Thread[main,5,main]) started.
:bigtop-tests:smoke-tests:ambari:clean
Executing task ':bigtop-tests:smoke-tests:ambari:clean' (up-to-date check took 0.0 secs) due to:
  Task has not declared any outputs.
:bigtop-tests:smoke-tests:ambari:clean UP-TO-DATE
:bigtop-tests:smoke-tests:ambari:clean (Thread[main,5,main]) completed. Took 0.001 secs.
:bigtop-tests:smoke-tests:apex:clean (Thread[main,5,main]) started.
:bigtop-tests:smoke-tests:apex:clean
Executing task ':bigtop-tests:smoke-tests:apex:clean' (up-to-date check took 0.0 secs) due to:
  Task has not declared any outputs.
:bigtop-tests:smoke-tests:apex:clean UP-TO-DATE
:bigtop-tests:smoke-tests:apex:clean (Thread[main,5,main]) completed. Took 0.001 secs.
:bigtop-tests:smoke-tests:flume:clean (Thread[main,5,main]) started.
:bigtop-tests:smoke-tests:flume:clean
Executing task ':bigtop-tests:smoke-tests:flume:clean' (up-to-date check took 0.0 secs) due to:
  Task has not declared any outputs.
:bigtop-tests:smoke-tests:flume:clean UP-TO-DATE
:bigtop-tests:smoke-tests:flume:clean (Thread[main,5,main]) completed. Took 0.0 secs.
:bigtop-tests:smoke-tests:gpdb:clean (Thread[main,5,main]) started.
:bigtop-tests:smoke-tests:gpdb:clean
Executing task ':bigtop-tests:smoke-tests:gpdb:clean' (up-to-date check took 0.0 secs) due to:
  Task has not declared any outputs.
:bigtop-tests:smoke-tests:gpdb:clean UP-TO-DATE
:bigtop-tests:smoke-tests:gpdb:clean (Thread[main,5,main]) completed. Took 0.0 secs.
:bigtop-tests:smoke-tests:hcfs:clean (Thread[main,5,main]) started.
:bigtop-tests:smoke-tests:hcfs:clean
Executing task ':bigtop-tests:smoke-tests:hcfs:clean' (up-to-date check took 0.0 secs) due to:
  Task has not declared any outputs.
:bigtop-tests:smoke-tests:hcfs:clean UP-TO-DATE
:bigtop-tests:smoke-tests:hcfs:clean (Thread[main,5,main]) completed. Took 0.002 secs.
:bigtop-tests:smoke-tests:hdfs:clean (Thread[main,5,main]) started.
:bigtop-tests:smoke-tests:hdfs:clean
Executing task ':bigtop-tests:smoke-tests:hdfs:clean' (up-to-date check took 0.0 secs) due to:
  Task has not declared any outputs.
:bigtop-tests:smoke-tests:hdfs:clean UP-TO-DATE
:bigtop-tests:smoke-tests:hdfs:clean (Thread[main,5,main]) completed. Took 0.0 secs.
:bigtop-tests:smoke-tests:hive:clean (Thread[main,5,main]) started.
:bigtop-tests:smoke-tests:hive:clean
Executing task ':bigtop-tests:smoke-tests:hive:clean' (up-to-date check took 0.0 secs) due to:
  Task has not declared any outputs.
:bigtop-tests:smoke-tests:hive:clean UP-TO-DATE
:bigtop-tests:smoke-tests:hive:clean (Thread[main,5,main]) completed. Took 0.0 secs.
:bigtop-tests:smoke-tests:ignite-hadoop:clean (Thread[main,5,main]) started.
:bigtop-tests:smoke-tests:ignite-hadoop:clean
Executing task ':bigtop-tests:smoke-tests:ignite-hadoop:clean' (up-to-date check took 0.0 secs) due to:
  Task has not declared any outputs.
:bigtop-tests:smoke-tests:ignite-hadoop:clean UP-TO-DATE
:bigtop-tests:smoke-tests:ignite-hadoop:clean (Thread[main,5,main]) completed. Took 0.001 secs.
:bigtop-tests:smoke-tests:kite:clean (Thread[main,5,main]) started.
:bigtop-tests:smoke-tests:kite:clean
Executing task ':bigtop-tests:smoke-tests:kite:clean' (up-to-date check took 0.0 secs) due to:
  Task has not declared any outputs.
:bigtop-tests:smoke-tests:kite:clean UP-TO-DATE
:bigtop-tests:smoke-tests:kite:clean (Thread[main,5,main]) completed. Took 0.001 secs.
:bigtop-tests:smoke-tests:logger-test-config:clean (Thread[main,5,main]) started.
:bigtop-tests:smoke-tests:logger-test-config:clean
Executing task ':bigtop-tests:smoke-tests:logger-test-config:clean' (up-to-date check took 0.0 secs) due to:
  Task has not declared any outputs.
:bigtop-tests:smoke-tests:logger-test-config:clean UP-TO-DATE
:bigtop-tests:smoke-tests:logger-test-config:clean (Thread[main,5,main]) completed. Took 0.001 secs.
:bigtop-tests:smoke-tests:mahout:clean (Thread[main,5,main]) started.
:bigtop-tests:smoke-tests:mahout:clean
Executing task ':bigtop-tests:smoke-tests:mahout:clean' (up-to-date check took 0.0 secs) due to:
  Task has not declared any outputs.
:bigtop-tests:smoke-tests:mahout:clean UP-TO-DATE
:bigtop-tests:smoke-tests:mahout:clean (Thread[main,5,main]) completed. Took 0.001 secs.
:bigtop-tests:smoke-tests:mapreduce:clean (Thread[main,5,main]) started.
:bigtop-tests:smoke-tests:mapreduce:clean
Executing task ':bigtop-tests:smoke-tests:mapreduce:clean' (up-to-date check took 0.0 secs) due to:
  Task has not declared any outputs.
:bigtop-tests:smoke-tests:mapreduce:clean UP-TO-DATE
:bigtop-tests:smoke-tests:mapreduce:clean (Thread[main,5,main]) completed. Took 0.0 secs.
:bigtop-tests:smoke-tests:odpi-runtime:clean (Thread[main,5,main]) started.
:bigtop-tests:smoke-tests:odpi-runtime:clean
Executing task ':bigtop-tests:smoke-tests:odpi-runtime:clean' (up-to-date check took 0.0 secs) due to:
  Task has not declared any outputs.
:bigtop-tests:smoke-tests:odpi-runtime:clean UP-TO-DATE
:bigtop-tests:smoke-tests:odpi-runtime:clean (Thread[main,5,main]) completed. Took 0.001 secs.
:bigtop-tests:smoke-tests:oozie:clean (Thread[main,5,main]) started.
:bigtop-tests:smoke-tests:oozie:clean
Executing task ':bigtop-tests:smoke-tests:oozie:clean' (up-to-date check took 0.0 secs) due to:
  Task has not declared any outputs.
:bigtop-tests:smoke-tests:oozie:clean UP-TO-DATE
:bigtop-tests:smoke-tests:oozie:clean (Thread[main,5,main]) completed. Took 0.001 secs.
:bigtop-tests:smoke-tests:phoenix:clean (Thread[main,5,main]) started.
:bigtop-tests:smoke-tests:phoenix:clean
Executing task ':bigtop-tests:smoke-tests:phoenix:clean' (up-to-date check took 0.0 secs) due to:
  Task has not declared any outputs.
:bigtop-tests:smoke-tests:phoenix:clean UP-TO-DATE
:bigtop-tests:smoke-tests:phoenix:clean (Thread[main,5,main]) completed. Took 0.0 secs.
:bigtop-tests:smoke-tests:pig:clean (Thread[main,5,main]) started.
:bigtop-tests:smoke-tests:pig:clean
Executing task ':bigtop-tests:smoke-tests:pig:clean' (up-to-date check took 0.0 secs) due to:
  Task has not declared any outputs.
:bigtop-tests:smoke-tests:pig:clean UP-TO-DATE
:bigtop-tests:smoke-tests:pig:clean (Thread[main,5,main]) completed. Took 0.001 secs.
:bigtop-tests:smoke-tests:qfs:clean (Thread[main,5,main]) started.
:bigtop-tests:smoke-tests:qfs:clean
Executing task ':bigtop-tests:smoke-tests:qfs:clean' (up-to-date check took 0.0 secs) due to:
  Task has not declared any outputs.
:bigtop-tests:smoke-tests:qfs:clean UP-TO-DATE
:bigtop-tests:smoke-tests:qfs:clean (Thread[main,5,main]) completed. Took 0.001 secs.
:bigtop-tests:smoke-tests:solr:clean (Thread[main,5,main]) started.
:bigtop-tests:smoke-tests:solr:clean
Executing task ':bigtop-tests:smoke-tests:solr:clean' (up-to-date check took 0.0 secs) due to:
  Task has not declared any outputs.
:bigtop-tests:smoke-tests:solr:clean UP-TO-DATE
:bigtop-tests:smoke-tests:solr:clean (Thread[main,5,main]) completed. Took 0.0 secs.
:bigtop-tests:smoke-tests:spark:clean (Thread[main,5,main]) started.
:bigtop-tests:smoke-tests:spark:clean
Executing task ':bigtop-tests:smoke-tests:spark:clean' (up-to-date check took 0.0 secs) due to:
  Task has not declared any outputs.
:bigtop-tests:smoke-tests:spark:clean UP-TO-DATE
:bigtop-tests:smoke-tests:spark:clean (Thread[main,5,main]) completed. Took 0.0 secs.
:bigtop-tests:smoke-tests:sqoop:clean (Thread[main,5,main]) started.
:bigtop-tests:smoke-tests:sqoop:clean
Executing task ':bigtop-tests:smoke-tests:sqoop:clean' (up-to-date check took 0.0 secs) due to:
  Task has not declared any outputs.
:bigtop-tests:smoke-tests:sqoop:clean UP-TO-DATE
:bigtop-tests:smoke-tests:sqoop:clean (Thread[main,5,main]) completed. Took 0.001 secs.
:bigtop-tests:smoke-tests:tajo:clean (Thread[main,5,main]) started.
:bigtop-tests:smoke-tests:tajo:clean
Executing task ':bigtop-tests:smoke-tests:tajo:clean' (up-to-date check took 0.0 secs) due to:
  Task has not declared any outputs.
:bigtop-tests:smoke-tests:tajo:clean UP-TO-DATE
:bigtop-tests:smoke-tests:tajo:clean (Thread[main,5,main]) completed. Took 0.001 secs.
:bigtop-tests:smoke-tests:yarn:clean (Thread[main,5,main]) started.
:bigtop-tests:smoke-tests:yarn:clean
Executing task ':bigtop-tests:smoke-tests:yarn:clean' (up-to-date check took 0.0 secs) due to:
  Task has not declared any outputs.
:bigtop-tests:smoke-tests:yarn:clean UP-TO-DATE
:bigtop-tests:smoke-tests:yarn:clean (Thread[main,5,main]) completed. Took 0.0 secs.
:bigtop-tests:smoke-tests:zookeeper:clean (Thread[main,5,main]) started.
:bigtop-tests:smoke-tests:zookeeper:clean
Executing task ':bigtop-tests:smoke-tests:zookeeper:clean' (up-to-date check took 0.0 secs) due to:
  Task has not declared any outputs.
:bigtop-tests:smoke-tests:zookeeper:clean UP-TO-DATE
:bigtop-tests:smoke-tests:zookeeper:clean (Thread[main,5,main]) completed. Took 0.001 secs.
:bigtop-tests:smoke-tests:logger-test-config:compileJava (Thread[main,5,main]) started.
:bigtop-tests:smoke-tests:logger-test-config:compileJava
file or directory '/stage/bigtop-smokes-suite-1.2.0/bigtop-tests/smoke-tests/logger-test-config/src/main/java', not found
Skipping task ':bigtop-tests:smoke-tests:logger-test-config:compileJava' as it has no source files.
:bigtop-tests:smoke-tests:logger-test-config:compileJava UP-TO-DATE
:bigtop-tests:smoke-tests:logger-test-config:compileJava (Thread[main,5,main]) completed. Took 0.001 secs.
:bigtop-tests:smoke-tests:logger-test-config:compileGroovy (Thread[main,5,main]) started.
:bigtop-tests:smoke-tests:logger-test-config:compileGroovy
file or directory '/stage/bigtop-smokes-suite-1.2.0/bigtop-tests/smoke-tests/logger-test-config/src/main/groovy', not found
Skipping task ':bigtop-tests:smoke-tests:logger-test-config:compileGroovy' as it has no source files.
:bigtop-tests:smoke-tests:logger-test-config:compileGroovy UP-TO-DATE
:bigtop-tests:smoke-tests:logger-test-config:compileGroovy (Thread[main,5,main]) completed. Took 0.0 secs.
:bigtop-tests:smoke-tests:logger-test-config:processResources (Thread[main,5,main]) started.
:bigtop-tests:smoke-tests:logger-test-config:processResources
Executing task ':bigtop-tests:smoke-tests:logger-test-config:processResources' (up-to-date check took 0.058 secs) due to:
  No history is available.
:bigtop-tests:smoke-tests:logger-test-config:processResources (Thread[main,5,main]) completed. Took 0.094 secs.
:bigtop-tests:smoke-tests:logger-test-config:classes (Thread[main,5,main]) started.
:bigtop-tests:smoke-tests:logger-test-config:classes
Skipping task ':bigtop-tests:smoke-tests:logger-test-config:classes' as it has no actions.
:bigtop-tests:smoke-tests:logger-test-config:classes (Thread[main,5,main]) completed. Took 0.0 secs.
:bigtop-tests:smoke-tests:logger-test-config:jar (Thread[main,5,main]) started.
:bigtop-tests:smoke-tests:logger-test-config:jar
Executing task ':bigtop-tests:smoke-tests:logger-test-config:jar' (up-to-date check took 0.008 secs) due to:
  No history is available.
:bigtop-tests:smoke-tests:logger-test-config:jar (Thread[main,5,main]) completed. Took 0.051 secs.
:bigtop-tests:smoke-tests:odpi-runtime:compileJava (Thread[main,5,main]) started.
:bigtop-tests:smoke-tests:odpi-runtime:compileJava
Executing task ':bigtop-tests:smoke-tests:odpi-runtime:compileJava' (up-to-date check took 1.221 secs) due to:
  No history is available.
All input files are considered out-of-date for incremental task ':bigtop-tests:smoke-tests:odpi-runtime:compileJava'.
Compiling with JDK Java compiler API.
:bigtop-tests:smoke-tests:odpi-runtime:compileJava (Thread[main,5,main]) completed. Took 2.703 secs.
:bigtop-tests:smoke-tests:odpi-runtime:compileGroovy (Thread[main,5,main]) started.
:bigtop-tests:smoke-tests:odpi-runtime:compileGroovy
file or directory '/stage/bigtop-smokes-suite-1.2.0/bigtop-tests/smoke-tests/odpi-runtime/src/main/groovy', not found
Skipping task ':bigtop-tests:smoke-tests:odpi-runtime:compileGroovy' as it has no source files.
:bigtop-tests:smoke-tests:odpi-runtime:compileGroovy UP-TO-DATE
:bigtop-tests:smoke-tests:odpi-runtime:compileGroovy (Thread[main,5,main]) completed. Took 0.0 secs.
:bigtop-tests:smoke-tests:odpi-runtime:processResources (Thread[main,5,main]) started.
:bigtop-tests:smoke-tests:odpi-runtime:processResources
Executing task ':bigtop-tests:smoke-tests:odpi-runtime:processResources' (up-to-date check took 0.003 secs) due to:
  No history is available.
:bigtop-tests:smoke-tests:odpi-runtime:processResources (Thread[main,5,main]) completed. Took 0.013 secs.
:bigtop-tests:smoke-tests:odpi-runtime:classes (Thread[main,5,main]) started.
:bigtop-tests:smoke-tests:odpi-runtime:classes
Skipping task ':bigtop-tests:smoke-tests:odpi-runtime:classes' as it has no actions.
:bigtop-tests:smoke-tests:odpi-runtime:classes (Thread[main,5,main]) completed. Took 0.001 secs.
:bigtop-tests:smoke-tests:odpi-runtime:jar (Thread[main,5,main]) started.
:bigtop-tests:smoke-tests:odpi-runtime:jar
Executing task ':bigtop-tests:smoke-tests:odpi-runtime:jar' (up-to-date check took 0.015 secs) due to:
  No history is available.
:bigtop-tests:smoke-tests:odpi-runtime:jar (Thread[main,5,main]) completed. Took 8.191 secs.
:bigtop-tests:smoke-tests:odpi-runtime:compileTestJava (Thread[main,5,main]) started.
:bigtop-tests:smoke-tests:odpi-runtime:compileTestJava
Executing task ':bigtop-tests:smoke-tests:odpi-runtime:compileTestJava' (up-to-date check took 0.507 secs) due to:
  No history is available.
All input files are considered out-of-date for incremental task ':bigtop-tests:smoke-tests:odpi-runtime:compileTestJava'.
Compiling with JDK Java compiler API.
:bigtop-tests:smoke-tests:odpi-runtime:compileTestJava (Thread[main,5,main]) completed. Took 1.773 secs.
:bigtop-tests:smoke-tests:odpi-runtime:compileTestGroovy (Thread[main,5,main]) started.
:bigtop-tests:smoke-tests:odpi-runtime:compileTestGroovy
Executing task ':bigtop-tests:smoke-tests:odpi-runtime:compileTestGroovy' (up-to-date check took 0.2 secs) due to:
  No history is available.
Starting process 'Gradle Compiler Daemon 1'. Working directory: /stage/bigtop-smokes-suite-1.2.0 Command: /usr/jdk64/jdk1.8.0_141/bin/java -Djava.security.manager=jarjar.org.gradle.process.internal.child.BootstrapSecurityManager -Dfile.encoding=UTF-8 -Duser.country=US -Duser.language=en -Duser.variant -cp /home/hdfs/.gradle/caches/2.12/workerMain/gradle-worker.jar jarjar.org.gradle.process.internal.launcher.GradleWorkerMain 'Gradle Compiler Daemon 1'
Successfully started process 'Gradle Compiler Daemon 1'
Started Gradle compiler daemon (0.882 secs) with fork options DaemonForkOptions{minHeapSize=null, maxHeapSize=null, jvmArgs=[], classpath=[/home/hdfs/.gradle/caches/modules-2/files-2.1/org.codehaus.groovy/groovy/2.4.10/6bc353efef93c44bac017e44542d822f0886b861/groovy-2.4.10.jar, /home/hdfs/.gradle/caches/modules-2/files-2.1/org.codehaus.groovy/groovy-ant/2.4.10/542c392e97fb8989f9e7e3916e8e72c2ccc4ecab/groovy-ant-2.4.10.jar, /home/hdfs/.gradle/caches/modules-2/files-2.1/org.apache.ant/ant-launcher/1.9.4/334b62cb4be0432769679e8b94e83f8fd5ed395c/ant-launcher-1.9.4.jar, /home/hdfs/.gradle/caches/modules-2/files-2.1/org.apache.ant/ant-antlr/1.9.4/4cf30025981dc2344324a0ef0e40063c3ef08f0a/ant-antlr-1.9.4.jar, /home/hdfs/.gradle/caches/modules-2/files-2.1/org.codehaus.groovy/groovy-groovydoc/2.4.10/73e90588f0c061b1122a822c6f1f8bc74235b6ae/groovy-groovydoc-2.4.10.jar, /home/hdfs/.gradle/caches/modules-2/files-2.1/org.apache.ant/ant-junit/1.9.4/b063757dacaa716b643c2f9270e469183636ff11/ant-junit-1.9.4.jar, /home/hdfs/.gradle/caches/modules-2/files-2.1/org.apache.ant/ant/1.9.4/6d473e8653d952045f550f4ef225a9591b79094a/ant-1.9.4.jar, /home/hdfs/.gradle/caches/modules-2/files-2.1/org.codehaus.groovy/groovy-templates/2.4.10/2e4b539b147c268f1f3f4b98421d00e0af84061b/groovy-templates-2.4.10.jar, /home/hdfs/.gradle/caches/modules-2/files-2.1/org.codehaus.groovy/groovy-xml/2.4.10/8a159ab53540b30d0b66248ba62d15a2f464480f/groovy-xml-2.4.10.jar, /home/hdfs/.gradle/wrapper/dists/gradle-2.12-bin/b7aff38312562bf551204a74707109af/gradle-2.12/lib/ant-1.9.3.jar, /home/hdfs/.gradle/wrapper/dists/gradle-2.12-bin/b7aff38312562bf551204a74707109af/gradle-2.12/lib/ant-launcher-1.9.3.jar]}.
Executing org.gradle.api.internal.tasks.compile.ApiGroovyCompiler@382e93c0 in compiler daemon.
Successfully executed org.gradle.api.internal.tasks.compile.ApiGroovyCompiler@382e93c0 in compiler daemon.
:bigtop-tests:smoke-tests:odpi-runtime:compileTestGroovy (Thread[main,5,main]) completed. Took 3.31 secs.
:bigtop-tests:smoke-tests:odpi-runtime:processTestResources (Thread[main,5,main]) started.
:bigtop-tests:smoke-tests:odpi-runtime:processTestResources
Executing task ':bigtop-tests:smoke-tests:odpi-runtime:processTestResources' (up-to-date check took 0.035 secs) due to:
  No history is available.
:bigtop-tests:smoke-tests:odpi-runtime:processTestResources (Thread[main,5,main]) completed. Took 0.085 secs.
:bigtop-tests:smoke-tests:odpi-runtime:testClasses (Thread[main,5,main]) started.
:bigtop-tests:smoke-tests:odpi-runtime:testClasses
Skipping task ':bigtop-tests:smoke-tests:odpi-runtime:testClasses' as it has no actions.
:bigtop-tests:smoke-tests:odpi-runtime:testClasses (Thread[main,5,main]) completed. Took 0.0 secs.
:bigtop-tests:smoke-tests:odpi-runtime:test (Thread[main,5,main]) started.
:bigtop-tests:smoke-tests:odpi-runtime:test
Executing task ':bigtop-tests:smoke-tests:odpi-runtime:test' (up-to-date check took 0.431 secs) due to:
  No history is available.
Starting process 'Gradle Test Executor 2'. Working directory: /stage/bigtop-smokes-suite-1.2.0/bigtop-tests/smoke-tests/odpi-runtime Command: /usr/jdk64/jdk1.8.0_141/bin/java -Dawt.toolkit=sun.awt.X11.XToolkit -Dbigtop.test.hadoop.conf.dir=/etc/hadoop/conf -Dbigtop.test.hive.conf.dir=/etc/hive/conf -Dbigtop.test.hive.hcat.core.jar=/home/hdfs/.gradle/caches/modules-2/files-2.1/org.apache.hive.hcatalog/hive-hcatalog-core/1.2.1/e9ff8fa4676c25146bb50f467f62c1a512719b0b/hive-hcatalog-core-1.2.1.jar -Dbigtop.test.hive.hcat.job.jar=/stage/bigtop-smokes-suite-1.2.0/bigtop-tests/smoke-tests/odpi-runtime/build/libs/odpi-runtime-1.2.0.jar -Dbigtop.test.hive.hcatalog.test=true -Dbigtop.test.hive.jdbc.password=hdfs -Dbigtop.test.hive.jdbc.url=jdbc:hive2://localhost:10000 -Dbigtop.test.hive.jdbc.user=hdfs -Dbigtop.test.hive.location=/tmp/hdfs -Dbigtop.test.hive.metastore.url=thrift://localhost:9083 -Dbigtop.test.hive.thrift.test=true -Dfile.encoding.pkg=sun.io -Dfile.separator=/ -Djava.awt.graphicsenv=sun.awt.X11GraphicsEnvironment -Djava.awt.printerjob=sun.print.PSPrinterJob -Djava.class.path=/home/hdfs/.gradle/wrapper/dists/gradle-2.12-bin/b7aff38312562bf551204a74707109af/gradle-2.12/lib:/home/hdfs/.gradle/wrapper/dists/gradle-2.12-bin/b7aff38312562bf551204a74707109af/gradle-2.12/lib/ant-1.9.3.jar:/home/hdfs/.gradle/wrapper/dists/gradle-2.12-bin/b7aff38312562bf551204a74707109af/gradle-2.12/lib/ant-launcher-1.9.3.jar:/home/hdfs/.gradle/wrapper/dists/gradle-2.12-bin/b7aff38312562bf551204a74707109af/gradle-2.12/lib/asm-all-5.0.3.jar:/home/hdfs/.gradle/wrapper/dists/gradle-2.12-bin/b7aff38312562bf551204a74707109af/gradle-2.12/lib/commons-collections-3.2.1.jar:/home/hdfs/.gradle/wrapper/dists/gradle-2.12-bin/b7aff38312562bf551204a74707109af/gradle-2.12/lib/commons-io-2.2.jar:/home/hdfs/.gradle/wrapper/dists/gradle-2.12-bin/b7aff38312562bf551204a74707109af/gradle-2.12/lib/commons-lang-2.6.jar:/home/hdfs/.gradle/wrapper/dists/gradle-2.12-bin/b7aff38312562bf551204a74707109af/gradle-2.12/lib/dom4j-1.6.1.jar:/home/hdfs/.gradle/wrapper/dists/gradle-2.12-bin/b7aff38312562bf551204a74707109af/gradle-2.12/lib/gradle-base-services-2.12.jar:/home/hdfs/.gradle/wrapper/dists/gradle-2.12-bin/b7aff38312562bf551204a74707109af/gradle-2.12/lib/gradle-base-services-groovy-2.12.jar:/home/hdfs/.gradle/wrapper/dists/gradle-2.12-bin/b7aff38312562bf551204a74707109af/gradle-2.12/lib/gradle-cli-2.12.jar:/home/hdfs/.gradle/wrapper/dists/gradle-2.12-bin/b7aff38312562bf551204a74707109af/gradle-2.12/lib/gradle-core-2.12.jar:/home/hdfs/.gradle/wrapper/dists/gradle-2.12-bin/b7aff38312562bf551204a74707109af/gradle-2.12/lib/gradle-docs-2.12.jar:/home/hdfs/.gradle/wrapper/dists/gradle-2.12-bin/b7aff38312562bf551204a74707109af/gradle-2.12/lib/gradle-launcher-2.12.jar:/home/hdfs/.gradle/wrapper/dists/gradle-2.12-bin/b7aff38312562bf551204a74707109af/gradle-2.12/lib/gradle-messaging-2.12.jar:/home/hdfs/.gradle/wrapper/dists/gradle-2.12-bin/b7aff38312562bf551204a74707109af/gradle-2.12/lib/gradle-model-core-2.12.jar:/home/hdfs/.gradle/wrapper/dists/gradle-2.12-bin/b7aff38312562bf551204a74707109af/gradle-2.12/lib/gradle-model-groovy-2.12.jar:/home/hdfs/.gradle/wrapper/dists/gradle-2.12-bin/b7aff38312562bf551204a74707109af/gradle-2.12/lib/gradle-native-2.12.jar:/home/hdfs/.gradle/wrapper/dists/gradle-2.12-bin/b7aff38312562bf551204a74707109af/gradle-2.12/lib/gradle-open-api-2.12.jar:/home/hdfs/.gradle/wrapper/dists/gradle-2.12-bin/b7aff38312562bf551204a74707109af/gradle-2.12/lib/gradle-resources-2.12.jar:/home/hdfs/.gradle/wrapper/dists/gradle-2.12-bin/b7aff38312562bf551204a74707109af/gradle-2.12/lib/gradle-tooling-api-2.12.jar:/home/hdfs/.gradle/wrapper/dists/gradle-2.12-bin/b7aff38312562bf551204a74707109af/gradle-2.12/lib/gradle-ui-2.12.jar:/home/hdfs/.gradle/wrapper/dists/gradle-2.12-bin/b7aff38312562bf551204a74707109af/gradle-2.12/lib/gradle-wrapper-2.12.jar:/home/hdfs/.gradle/wrapper/dists/gradle-2.12-bin/b7aff38312562bf551204a74707109af/gradle-2.12/lib/groovy-all-2.4.4.jar:/home/hdfs/.gradle/wrapper/dists/gradle-2.12-bin/b7aff38312562bf551204a74707109af/gradle-2.12/lib/guava-jdk5-17.0.jar:/home/hdfs/.gradle/wrapper/dists/gradle-2.12-bin/b7aff38312562bf551204a74707109af/gradle-2.12/lib/jansi-1.2.1.jar:/home/hdfs/.gradle/wrapper/dists/gradle-2.12-bin/b7aff38312562bf551204a74707109af/gradle-2.12/lib/jarjar-1.3.jar:/home/hdfs/.gradle/wrapper/dists/gradle-2.12-bin/b7aff38312562bf551204a74707109af/gradle-2.12/lib/javax.inject-1.jar:/home/hdfs/.gradle/wrapper/dists/gradle-2.12-bin/b7aff38312562bf551204a74707109af/gradle-2.12/lib/jaxen-1.1.jar:/home/hdfs/.gradle/wrapper/dists/gradle-2.12-bin/b7aff38312562bf551204a74707109af/gradle-2.12/lib/jcip-annotations-1.0.jar:/home/hdfs/.gradle/wrapper/dists/gradle-2.12-bin/b7aff38312562bf551204a74707109af/gradle-2.12/lib/jcl-over-slf4j-1.7.10.jar:/home/hdfs/.gradle/wrapper/dists/gradle-2.12-bin/b7aff38312562bf551204a74707109af/gradle-2.12/lib/jna-3.2.7.jar:/home/hdfs/.gradle/wrapper/dists/gradle-2.12-bin/b7aff38312562bf551204a74707109af/gradle-2.12/lib/jul-to-slf4j-1.7.10.jar:/home/hdfs/.gradle/wrapper/dists/gradle-2.12-bin/b7aff38312562bf551204a74707109af/gradle-2.12/lib/kryo-2.20.jar:/home/hdfs/.gradle/wrapper/dists/gradle-2.12-bin/b7aff38312562bf551204a74707109af/gradle-2.12/lib/log4j-over-slf4j-1.7.10.jar:/home/hdfs/.gradle/wrapper/dists/gradle-2.12-bin/b7aff38312562bf551204a74707109af/gradle-2.12/lib/minlog-1.2.jar:/home/hdfs/.gradle/wrapper/dists/gradle-2.12-bin/b7aff38312562bf551204a74707109af/gradle-2.12/lib/native-platform-0.10.jar:/home/hdfs/.gradle/wrapper/dists/gradle-2.12-bin/b7aff38312562bf551204a74707109af/gradle-2.12/lib/native-platform-freebsd-amd64-0.10.jar:/home/hdfs/.gradle/wrapper/dists/gradle-2.12-bin/b7aff38312562bf551204a74707109af/gradle-2.12/lib/native-platform-freebsd-i386-0.10.jar:/home/hdfs/.gradle/wrapper/dists/gradle-2.12-bin/b7aff38312562bf551204a74707109af/gradle-2.12/lib/native-platform-linux-amd64-0.10.jar:/home/hdfs/.gradle/wrapper/dists/gradle-2.12-bin/b7aff38312562bf551204a74707109af/gradle-2.12/lib/native-platform-linux-i386-0.10.jar:/home/hdfs/.gradle/wrapper/dists/gradle-2.12-bin/b7aff38312562bf551204a74707109af/gradle-2.12/lib/native-platform-osx-amd64-0.10.jar:/home/hdfs/.gradle/wrapper/dists/gradle-2.12-bin/b7aff38312562bf551204a74707109af/gradle-2.12/lib/native-platform-osx-i386-0.10.jar:/home/hdfs/.gradle/wrapper/dists/gradle-2.12-bin/b7aff38312562bf551204a74707109af/gradle-2.12/lib/native-platform-windows-amd64-0.10.jar:/home/hdfs/.gradle/wrapper/dists/gradle-2.12-bin/b7aff38312562bf551204a74707109af/gradle-2.12/lib/native-platform-windows-i386-0.10.jar:/home/hdfs/.gradle/wrapper/dists/gradle-2.12-bin/b7aff38312562bf551204a74707109af/gradle-2.12/lib/objenesis-1.2.jar:/home/hdfs/.gradle/wrapper/dists/gradle-2.12-bin/b7aff38312562bf551204a74707109af/gradle-2.12/lib/reflectasm-1.07-shaded.jar:/home/hdfs/.gradle/wrapper/dists/gradle-2.12-bin/b7aff38312562bf551204a74707109af/gradle-2.12/lib/slf4j-api-1.7.10.jar: -Djava.class.version=52.0 -Djava.endorsed.dirs=/usr/jdk64/jdk1.8.0_141/jre/lib/endorsed -Djava.ext.dirs=/usr/jdk64/jdk1.8.0_141/jre/lib/ext:/usr/java/packages/lib/ext -Djava.home=/usr/jdk64/jdk1.8.0_141/jre -Djava.io.tmpdir=/tmp -Djava.library.path=/usr/java/packages/lib/amd64:/usr/lib64:/lib64:/lib:/usr/lib -Djava.runtime.name=Java(TM) SE Runtime Environment -Djava.runtime.version=1.8.0_141-b15 -Djava.security.manager=jarjar.org.gradle.process.internal.child.BootstrapSecurityManager -Djava.specification.name=Java Platform API Specification -Djava.specification.vendor=Oracle Corporation -Djava.specification.version=1.8 -Djava.vendor=Oracle Corporation -Djava.vendor.url=http://java.oracle.com/ -Djava.vendor.url.bug=http://bugreport.sun.com/bugreport/ -Djava.version=1.8.0_141 -Djava.vm.info=mixed mode -Djava.vm.name=Java HotSpot(TM) 64-Bit Server VM -Djava.vm.specification.name=Java Virtual Machine Specification -Djava.vm.specification.vendor=Oracle Corporation -Djava.vm.specification.version=1.8 -Djava.vm.vendor=Oracle Corporation -Djava.vm.version=25.141-b15 -Dline.separator=
 -Dorg.gradle.appname=gradlew -Dos.arch=amd64 -Dos.name=Linux -Dos.version=3.10.0-514.21.2.el7.x86_64 -Dpath.separator=: -Dsun.arch.data.model=64 -Dsun.boot.class.path=/usr/jdk64/jdk1.8.0_141/jre/lib/resources.jar:/usr/jdk64/jdk1.8.0_141/jre/lib/rt.jar:/usr/jdk64/jdk1.8.0_141/jre/lib/sunrsasign.jar:/usr/jdk64/jdk1.8.0_141/jre/lib/jsse.jar:/usr/jdk64/jdk1.8.0_141/jre/lib/jce.jar:/usr/jdk64/jdk1.8.0_141/jre/lib/charsets.jar:/usr/jdk64/jdk1.8.0_141/jre/lib/jfr.jar:/usr/jdk64/jdk1.8.0_141/jre/classes -Dsun.boot.library.path=/usr/jdk64/jdk1.8.0_141/jre/lib/amd64 -Dsun.cpu.endian=little -Dsun.cpu.isalist -Dsun.io.unicode.encoding=UnicodeLittle -Dsun.java.command=org.gradle.launcher.GradleMain -q --continue clean -Psmoke.tests -Dbigtop.test.hive.jdbc.url=jdbc:hive2://localhost:10000 -Dbigtop.test.hive.metastore.url=thrift://localhost:9083 -Dbigtop.test.hive.location=/tmp/hdfs -Dbigtop.test.hive.jdbc.user=hdfs -Dbigtop.test.hive.jdbc.password=hdfs -Dbigtop.test.hive.conf.dir=/etc/hive/conf -Dbigtop.test.hadoop.conf.dir=/etc/hadoop/conf -Dbigtop.test.hive.thrift.test=true -Dbigtop.test.hive.hcatalog.test=true bigtop-tests:smoke-tests:odpi-runtime:test --info --stacktrace -Dsun.java.launcher=SUN_STANDARD -Dsun.jnu.encoding=UTF-8 -Dsun.management.compiler=HotSpot 64-Bit Tiered Compilers -Dsun.os.patch.level=unknown -Dtest.resources.dir=/stage/bigtop-smokes-suite-1.2.0/bigtop-tests/smoke-tests/odpi-runtime/build/resources/test/ -Duser.dir=/stage/bigtop-smokes-suite-1.2.0 -Duser.home=/home/hdfs -Duser.name=hdfs -Duser.timezone=UTC -Dfile.encoding=UTF-8 -Duser.country=US -Duser.language=en -Duser.variant -ea -cp /home/hdfs/.gradle/caches/2.12/workerMain/gradle-worker.jar jarjar.org.gradle.process.internal.launcher.GradleWorkerMain 'Gradle Test Executor 2'
Successfully started process 'Gradle Test Executor 2'
Gradle Test Executor 2 started executing tests.

org.apache.bigtop.itest.hive.TestBeeline STANDARD_ERROR
    17/09/01 13:15:06 INFO hive.TestBeeline: URL is jdbc:hive2://localhost:10000
    17/09/01 13:15:06 INFO hive.TestBeeline: User is hdfs
    17/09/01 13:15:06 INFO hive.TestBeeline: Passwd is hdfs
    17/09/01 13:15:06 INFO hive.TestBeeline: Passwd is null false

org.apache.bigtop.itest.hive.TestBeeline > checkBeelineVerbose STANDARD_OUT
    Executing command:
    [beeline, -u, jdbc:hive2://localhost:10000, -n, hdfs, -p, hdfs, --verbose=true]

org.apache.bigtop.itest.hive.TestBeeline > checkBeelineQueryExecFromFile STANDARD_OUT
    Executing command:
    [beeline, -u, jdbc:hive2://localhost:10000, -n, hdfs, -p, hdfs, -f, beeline-f1.sql]
    Executing command:
    [beeline, -u, jdbc:hive2://localhost:10000, -n, hdfs, -p, hdfs, -f, beeline-f2.sql]
    Executing command:
    [beeline, -u, jdbc:hive2://localhost:10000, -n, hdfs, -p, hdfs, -f, beeline-f1.sql]
    Executing command:
    [beeline, -u, jdbc:hive2://localhost:10000, -n, hdfs, -p, hdfs, -f, beeline-f4.sql]

org.apache.bigtop.itest.hive.TestBeeline > checkBeelineHiveVar STANDARD_OUT
    Executing command:
    [beeline, -u, jdbc:hive2://localhost:10000, -n, hdfs, -p, hdfs, --hivevar, db=bigtop_runtime_beeline_hivevar, -i, beeline-hv1.sql]
    Executing command:
    [beeline, -u, jdbc:hive2://localhost:10000, -n, hdfs, -p, hdfs, --hivevar, db=bigtop_runtime_beeline_hivevar, -i, beeline-hv2.sql]
    Executing command:
    [beeline, -u, jdbc:hive2://localhost:10000, -n, hdfs, -p, hdfs, --hivevar, db=bigtop_runtime_beeline_hivevar, -i, beeline-hv1.sql]
    Executing command:
    [beeline, -u, jdbc:hive2://localhost:10000, -n, hdfs, -p, hdfs, --hivevar, db=bigtop_runtime_beeline_hivevar, -i, beeline-hv4.sql]

org.apache.bigtop.itest.hive.TestBeeline > checkBeelineConnect STANDARD_OUT
    Executing command:
    [/bin/sh, -c, beeline -f connect.url]

org.apache.bigtop.itest.hive.TestBeeline > checkBeelineHelp STANDARD_OUT
    Executing command:
    [beeline, --help]

org.apache.bigtop.itest.hive.TestBeeline > checkBeeline STANDARD_OUT
    Executing command:
    [beeline, -u, jdbc:hive2://localhost:10000, -n, hdfs, -p, hdfs]

org.apache.bigtop.itest.hive.TestBeeline > checkBeelineFastConnect STANDARD_OUT
    Executing command:
    [beeline, -u, jdbc:hive2://localhost:10000, -n, hdfs, -p, hdfs, --fastConnect=false]

org.apache.bigtop.itest.hive.TestBeeline > checkBeelineShowHeader STANDARD_OUT
    Executing command:
    [beeline, -u, jdbc:hive2://localhost:10000, -n, hdfs, -p, hdfs, --showHeader=false, -e, "SHOW DATABASES;"]

org.apache.bigtop.itest.hive.TestBeeline > checkBeelineQueryExecFromCmdLine STANDARD_OUT
    Executing command:
    [beeline, -u, jdbc:hive2://localhost:10000, -n, hdfs, -p, hdfs, -e, "SHOW DATABASES;"]
    Executing command:
    [beeline, -u, jdbc:hive2://localhost:10000, -n, hdfs, -p, hdfs, -e, "CREATE DATABASE bigtop_runtime_hive;"]
    Executing command:
    [beeline, -u, jdbc:hive2://localhost:10000, -n, hdfs, -p, hdfs, -e, "SHOW DATABASES;"]
    Executing command:
    [beeline, -u, jdbc:hive2://localhost:10000, -n, hdfs, -p, hdfs, -e, "DROP DATABASE bigtop_runtime_hive"]

org.apache.bigtop.itest.hive.TestBeeline > checkBeelineInitFile STANDARD_OUT
    Executing command:
    [beeline, -u, jdbc:hive2://localhost:10000, -n, hdfs, -p, hdfs, -i, beeline-i1.sql]
    Executing command:
    [beeline, -u, jdbc:hive2://localhost:10000, -n, hdfs, -p, hdfs, -i, beeline-i2.sql]
    Executing command:
    [beeline, -u, jdbc:hive2://localhost:10000, -n, hdfs, -p, hdfs, -i, beeline-i1.sql]
    Executing command:
    [beeline, -u, jdbc:hive2://localhost:10000, -n, hdfs, -p, hdfs, -i, beeline-i4.sql]

org.apache.bigtop.itest.hive.TestBeeline STANDARD_OUT
    Executing command:
    [/bin/sh, -c, rm -rf beeline*.sql]
    Executing command:
    [/bin/sh, -c, rm -rf connect.url]

org.apache.bigtop.itest.hive.TestCLI STANDARD_OUT
    Executing command:
    [which, hive]

org.apache.bigtop.itest.hive.TestCLI > sqlFromCmdLine STANDARD_OUT
    Executing command:
    [hive, -e, "SHOW DATABASES", --hiveconf, javax.jdo.option.ConnectionURL=jdbc:derby:;databaseName=bigtop_metastore_db;create=true]
    Executing command:
    [hive, -e, "CREATE DATABASE bigtop_runtime_hive", --hiveconf, javax.jdo.option.ConnectionURL=jdbc:derby:;databaseName=bigtop_metastore_db;create=true]
    Executing command:
    [hive, -e, "DROP DATABASE bigtop_runtime_hive", --hiveconf, javax.jdo.option.ConnectionURL=jdbc:derby:;databaseName=bigtop_metastore_db;create=true]

org.apache.bigtop.itest.hive.TestCLI > hiveConf STANDARD_OUT
    Executing command:
    [hive, --hiveconf, hive.root.logger=INFO,console, -e, "SHOW DATABASES", --hiveconf, javax.jdo.option.ConnectionURL=jdbc:derby:;databaseName=bigtop_metastore_db;create=true]
    Executing command:
    [hive, -hiveconf, hive.root.logger=INFO,console, -e, "SHOW DATABASES", --hiveconf, javax.jdo.option.ConnectionURL=jdbc:derby:;databaseName=bigtop_metastore_db;create=true]

org.apache.bigtop.itest.hive.TestCLI > sqlFromFiles STANDARD_OUT
    Executing command:
    [hive, -f, hive-f1.sql, --hiveconf, javax.jdo.option.ConnectionURL=jdbc:derby:;databaseName=bigtop_metastore_db;create=true]
    Executing command:
    [hive, -f, hive-f2.sql, --hiveconf, javax.jdo.option.ConnectionURL=jdbc:derby:;databaseName=bigtop_metastore_db;create=true]
    Executing command:
    [hive, -f, hive-f4.sql, --hiveconf, javax.jdo.option.ConnectionURL=jdbc:derby:;databaseName=bigtop_metastore_db;create=true]

org.apache.bigtop.itest.hive.TestCLI > variableSubsitution STANDARD_OUT
    Executing command:
    [hive, -e, "SHOW DATABASES", --hiveconf, javax.jdo.option.ConnectionURL=jdbc:derby:;databaseName=bigtop_metastore_db;create=true]
    Executing command:
    [hive, -e, "CREATE DATABASE bigtop_runtime_hive", --hiveconf, javax.jdo.option.ConnectionURL=jdbc:derby:;databaseName=bigtop_metastore_db;create=true]
    Executing command:
    [/bin/sh, -c, hive -d A=DATABASES --hiveconf 'javax.jdo.option.ConnectionURL=jdbc:derby:;databaseName=bigtop_metastore_db;create=true' < hive-define.sql]
    Executing command:
    [/bin/sh, -c, hive --define A=DATABASES --hiveconf 'javax.jdo.option.ConnectionURL=jdbc:derby:;databaseName=bigtop_metastore_db;create=true' < hive-define.sql]
    Executing command:
    [hive, -e, "DROP DATABASE bigtop_runtime_hive", --hiveconf, javax.jdo.option.ConnectionURL=jdbc:derby:;databaseName=bigtop_metastore_db;create=true]

org.apache.bigtop.itest.hive.TestCLI > silent STANDARD_OUT
    Executing command:
    [hive, -e, "SHOW DATABASES", -S, --hiveconf, javax.jdo.option.ConnectionURL=jdbc:derby:;databaseName=bigtop_metastore_db;create=true]
    Executing command:
    [hive, -e, "SHOW DATABASES", --silent, --hiveconf, javax.jdo.option.ConnectionURL=jdbc:derby:;databaseName=bigtop_metastore_db;create=true]

org.apache.bigtop.itest.hive.TestCLI > help STANDARD_OUT
    Executing command:
    [hive, -H]
    Executing command:
    [hive, --help]
    Executing command:
    [hive, -U]

org.apache.bigtop.itest.hive.TestCLI > verbose STANDARD_OUT
    Executing command:
    [hive, -e, "SHOW DATABASES", -v, --hiveconf, javax.jdo.option.ConnectionURL=jdbc:derby:;databaseName=bigtop_metastore_db;create=true]
    Executing command:
    [hive, -e, "SHOW DATABASES", --verbose, --hiveconf, javax.jdo.option.ConnectionURL=jdbc:derby:;databaseName=bigtop_metastore_db;create=true]

org.apache.bigtop.itest.hive.TestCLI > hiveVar STANDARD_OUT
    Executing command:
    [hive, -e, "SHOW DATABASES", --hiveconf, javax.jdo.option.ConnectionURL=jdbc:derby:;databaseName=bigtop_metastore_db;create=true]
    Executing command:
    [hive, -e, "CREATE DATABASE bigtop_runtime_hive", --hiveconf, javax.jdo.option.ConnectionURL=jdbc:derby:;databaseName=bigtop_metastore_db;create=true]
    Executing command:
    [/bin/sh, -c, hive --hivevar A=DATABASES --hiveconf 'javax.jdo.option.ConnectionURL=jdbc:derby:;databaseName=bigtop_metastore_db;create=true' < hive-var.sql]
    Executing command:
    [/bin/sh, -c, hive --hiveconf A=DATABASES --hiveconf 'javax.jdo.option.ConnectionURL=jdbc:derby:;databaseName=bigtop_metastore_db;create=true' < hiveconf-var.sql]
    Executing command:
    [hive, -e, "DROP DATABASE bigtop_runtime_hive", --hiveconf, javax.jdo.option.ConnectionURL=jdbc:derby:;databaseName=bigtop_metastore_db;create=true]

org.apache.bigtop.itest.hive.TestCLI > database STANDARD_OUT
    Executing command:
    [hive, -e, "SHOW DATABASES", --hiveconf, javax.jdo.option.ConnectionURL=jdbc:derby:;databaseName=bigtop_metastore_db;create=true]
    Executing command:
    [hive, -e, "CREATE DATABASE bigtop_runtime_hive", --hiveconf, javax.jdo.option.ConnectionURL=jdbc:derby:;databaseName=bigtop_metastore_db;create=true]
    Executing command:
    [hive, --database, bigtop_runtime_hive_1234, -e, "CREATE TABLE bigtop ( MYID INT );", --hiveconf, javax.jdo.option.ConnectionURL=jdbc:derby:;databaseName=bigtop_metastore_db;create=true]
    Executing command:
    [hive, --database, bigtop_runtime_hive, -e, "CREATE TABLE bigtop ( MYID INT );", --hiveconf, javax.jdo.option.ConnectionURL=jdbc:derby:;databaseName=bigtop_metastore_db;create=true]

org.apache.bigtop.itest.hive.TestCLI > database FAILED
    java.lang.AssertionError: Failed to create table using --database argument. expected:<0> but was:<143>
        at org.junit.Assert.fail(Assert.java:88)
        at org.junit.Assert.failNotEquals(Assert.java:743)
        at org.junit.Assert.assertEquals(Assert.java:118)
        at org.junit.Assert.assertEquals(Assert.java:555)
        at org.apache.bigtop.itest.hive.TestCLI.database(TestCLI.java:154)

org.apache.bigtop.itest.hive.TestCLI > initialization STANDARD_OUT
    Executing command:
    [hive, -e, "SHOW DATABASES", --hiveconf, javax.jdo.option.ConnectionURL=jdbc:derby:;databaseName=bigtop_metastore_db;create=true]
    Executing command:
    [hive, -i, hive-init2.sql, -e, "SHOW DATABASES", --hiveconf, javax.jdo.option.ConnectionURL=jdbc:derby:;databaseName=bigtop_metastore_db;create=true]
    Executing command:
    [hive, -e, "DROP DATABASE bigtop_runtime_hive", --hiveconf, javax.jdo.option.ConnectionURL=jdbc:derby:;databaseName=bigtop_metastore_db;create=true]

org.apache.bigtop.itest.hive.TestCLI STANDARD_OUT
    Executing command:
    [hive, -e, "DROP DATABASE bigtop_runtime_hive", --hiveconf, javax.jdo.option.ConnectionURL=jdbc:derby:;databaseName=bigtop_metastore_db;create=true]
    Executing command:
    [/bin/sh, -c, rm -rf hive-f*.sql]
    Executing command:
    [/bin/sh, -c, rm -rf hive-init*.sql]
    Executing command:
    [/bin/sh, -c, rm -rf hive-define.sql]
    Executing command:
    [/bin/sh, -c, rm -rf hive-var.sql]
    Executing command:
    [/bin/sh, -c, rm -rf hiveconf-var.sql]

org.apache.bigtop.itest.hive.TestHCatalog STANDARD_ERROR
    17/09/01 13:36:25 INFO hive.metastore: Trying to connect to metastore with URI thrift://adh15-ean-s4rm.c.arenadata-test.internal:9083
    17/09/01 13:36:26 WARN util.NativeCodeLoader: Unable to load native-hadoop library for your platform... using builtin-java classes where applicable
    17/09/01 13:36:26 INFO hive.metastore: Connected to metastore.

org.apache.bigtop.itest.hive.TestHCatalog > hcatInputFormatOutputFormat STANDARD_ERROR
    17/09/01 13:36:28 WARN shortcircuit.DomainSocketFactory: The short-circuit local reads feature cannot be used because libhadoop cannot be loaded.

org.apache.bigtop.itest.hive.TestHCatalog > hcatInputFormatOutputFormat STANDARD_OUT
    Executing command:
    [hive, --service, jar, /stage/bigtop-smokes-suite-1.2.0/bigtop-tests/smoke-tests/odpi-runtime/build/libs/odpi-runtime-1.2.0.jar, org.apache.bigtop.itest.hive.HCatalogMR, -it, bigtop_hcat_input_table_1173745742, -ot, bigtop_hcat_output_table_480322121, -is, line:string, -os, word:string,count:int]

org.apache.bigtop.itest.hive.TestHCatalog > hcatInputFormatOutputFormat STANDARD_ERROR
    17/09/01 13:37:28 INFO hive.TestHCatalog: {exitValue=0, outputStream=ls: cannot access /usr/lib/spark/lib/spark-assembly-*.jar: No such file or directory
    SLF4J: Class path contains multiple SLF4J bindings.
    SLF4J: Found binding in [jar:file:/usr/lib/hadoop/lib/slf4j-log4j12-1.7.10.jar!/org/slf4j/impl/StaticLoggerBinder.class]
    SLF4J: Found binding in [jar:file:/usr/lib/tez/lib/slf4j-log4j12-1.7.5.jar!/org/slf4j/impl/StaticLoggerBinder.class]
    SLF4J: Found binding in [jar:file:/usr/lib/phoenix/phoenix-4.9.0-HBase-1.1-client.jar!/org/slf4j/impl/StaticLoggerBinder.class]
    SLF4J: Found binding in [jar:file:/usr/lib/phoenix/phoenix-4.9.0-HBase-1.1-hive.jar!/org/slf4j/impl/StaticLoggerBinder.class]
    SLF4J: Found binding in [jar:file:/usr/lib/phoenix/phoenix-4.9.0-HBase-1.1-pig.jar!/org/slf4j/impl/StaticLoggerBinder.class]
    SLF4J: Found binding in [jar:file:/usr/lib/phoenix/phoenix-4.9.0-HBase-1.1-thin-client.jar!/org/slf4j/impl/StaticLoggerBinder.class]
    SLF4J: See http://www.slf4j.org/codes.html#multiple_bindings for an explanation.
    SLF4J: Actual binding is of type [org.slf4j.impl.Log4jLoggerFactory]
    0    [main] INFO  hive.metastore  - Trying to connect to metastore with URI thrift://adh15-ean-s4rm.c.arenadata-test.internal:9083
    39   [main] INFO  hive.metastore  - Connected to metastore.
    }

org.apache.bigtop.itest.hive.TestJdbc STANDARD_ERROR
    17/09/01 13:37:29 INFO jdbc.Utils: Supplied authorities: localhost:10000
    17/09/01 13:37:29 INFO jdbc.Utils: Resolved authority: localhost:10000
    17/09/01 13:37:29 INFO jdbc.HiveConnection: Will try to open client transport with JDBC Uri: jdbc:hive2://localhost:10000

org.apache.bigtop.itest.hive.TestSql STANDARD_ERROR
    17/09/01 13:37:57 INFO jdbc.Utils: Supplied authorities: localhost:10000
    17/09/01 13:37:57 INFO jdbc.Utils: Resolved authority: localhost:10000
    17/09/01 13:37:57 INFO jdbc.HiveConnection: Will try to open client transport with JDBC Uri: jdbc:hive2://localhost:10000

org.apache.bigtop.itest.hive.TestThrift STANDARD_ERROR
    17/09/01 13:38:38 INFO hive.TestThrift: Set to test against metastore at thrift://localhost:9083
    17/09/01 13:38:38 INFO hive.metastore: Trying to connect to metastore with URI thrift://localhost:9083
    17/09/01 13:38:38 INFO hive.metastore: Connected to metastore.

org.apache.bigtop.itest.hadoop.odpi.TestSpecsRuntime > testAll[HADOOP_API1] STANDARD_OUT
    Received report for jar hadoop-commonWARNING: org.apache.hadoop.log.EventCounter is deprecated. Please use org.apache.hadoop.log.metrics.EventCounter in all the log4j.properties files.
    SLF4J: Class path contains multiple SLF4J bindings.
    SLF4J: Found binding in [jar:file:/usr/lib/hadoop/lib/slf4j-log4j12-1.7.10.jar!/org/slf4j/impl/StaticLoggerBinder.class]
    SLF4J: Found binding in [jar:file:/usr/lib/tez/lib/slf4j-log4j12-1.7.5.jar!/org/slf4j/impl/StaticLoggerBinder.class]
    SLF4J: Found binding in [jar:file:/usr/lib/phoenix/phoenix-4.9.0-HBase-1.1-client.jar!/org/slf4j/impl/StaticLoggerBinder.class]
    SLF4J: Found binding in [jar:file:/usr/lib/phoenix/phoenix-4.9.0-HBase-1.1-hive.jar!/org/slf4j/impl/StaticLoggerBinder.class]
    SLF4J: Found binding in [jar:file:/usr/lib/phoenix/phoenix-4.9.0-HBase-1.1-pig.jar!/org/slf4j/impl/StaticLoggerBinder.class]
    SLF4J: Found binding in [jar:file:/usr/lib/phoenix/phoenix-4.9.0-HBase-1.1-thin-client.jar!/org/slf4j/impl/StaticLoggerBinder.class]
    SLF4J: See http://www.slf4j.org/codes.html#multiple_bindings for an explanation.
    SLF4J: Actual binding is of type [org.slf4j.impl.Log4jLoggerFactory]
    WARNING: org.apache.hadoop.metrics.jvm.EventCounter is deprecated. Please use org.apache.hadoop.log.metrics.EventCounter in all the log4j.properties files.

org.apache.bigtop.itest.hadoop.odpi.TestSpecsRuntime > testAll[HADOOP_API2] STANDARD_OUT
    Received report for jar hadoop-hdfsSLF4J: Class path contains multiple SLF4J bindings.
    SLF4J: Found binding in [jar:file:/usr/lib/hadoop/lib/slf4j-log4j12-1.7.10.jar!/org/slf4j/impl/StaticLoggerBinder.class]
    SLF4J: Found binding in [jar:file:/usr/lib/tez/lib/slf4j-log4j12-1.7.5.jar!/org/slf4j/impl/StaticLoggerBinder.class]
    SLF4J: Found binding in [jar:file:/usr/lib/phoenix/phoenix-4.9.0-HBase-1.1-client.jar!/org/slf4j/impl/StaticLoggerBinder.class]
    SLF4J: Found binding in [jar:file:/usr/lib/phoenix/phoenix-4.9.0-HBase-1.1-hive.jar!/org/slf4j/impl/StaticLoggerBinder.class]
    SLF4J: Found binding in [jar:file:/usr/lib/phoenix/phoenix-4.9.0-HBase-1.1-pig.jar!/org/slf4j/impl/StaticLoggerBinder.class]
    SLF4J: Found binding in [jar:file:/usr/lib/phoenix/phoenix-4.9.0-HBase-1.1-thin-client.jar!/org/slf4j/impl/StaticLoggerBinder.class]
    SLF4J: See http://www.slf4j.org/codes.html#multiple_bindings for an explanation.
    SLF4J: Actual binding is of type [org.slf4j.impl.Log4jLoggerFactory]

org.apache.bigtop.itest.hadoop.odpi.TestSpecsRuntime > testAll[HADOOP_API3] STANDARD_OUT
    Received report for jar hadoop-yarn-commonSLF4J: Class path contains multiple SLF4J bindings.
    SLF4J: Found binding in [jar:file:/usr/lib/hadoop/lib/slf4j-log4j12-1.7.10.jar!/org/slf4j/impl/StaticLoggerBinder.class]
    SLF4J: Found binding in [jar:file:/usr/lib/tez/lib/slf4j-log4j12-1.7.5.jar!/org/slf4j/impl/StaticLoggerBinder.class]
    SLF4J: Found binding in [jar:file:/usr/lib/phoenix/phoenix-4.9.0-HBase-1.1-client.jar!/org/slf4j/impl/StaticLoggerBinder.class]
    SLF4J: Found binding in [jar:file:/usr/lib/phoenix/phoenix-4.9.0-HBase-1.1-hive.jar!/org/slf4j/impl/StaticLoggerBinder.class]
    SLF4J: Found binding in [jar:file:/usr/lib/phoenix/phoenix-4.9.0-HBase-1.1-pig.jar!/org/slf4j/impl/StaticLoggerBinder.class]
    SLF4J: Found binding in [jar:file:/usr/lib/phoenix/phoenix-4.9.0-HBase-1.1-thin-client.jar!/org/slf4j/impl/StaticLoggerBinder.class]
    SLF4J: See http://www.slf4j.org/codes.html#multiple_bindings for an explanation.
    SLF4J: Actual binding is of type [org.slf4j.impl.Log4jLoggerFactory]
Gradle Test Executor 2 finished executing tests.
Finished generating test XML results (0.06 secs) into: /stage/bigtop-smokes-suite-1.2.0/bigtop-tests/smoke-tests/odpi-runtime/build/test-results
Generating HTML test report...
Finished generating test html results (0.115 secs) into: /stage/bigtop-smokes-suite-1.2.0/bigtop-tests/smoke-tests/odpi-runtime/build/reports/tests
:bigtop-tests:smoke-tests:odpi-runtime:test FAILED
:bigtop-tests:smoke-tests:odpi-runtime:test (Thread[main,5,main]) completed. Took 24 mins 32.039 secs.

Total time: 25 mins 2.373 secs
Stopped 1 compiler daemon(s).
######################################################
#                     RESULTS                        #
######################################################
## /stage/bigtop-smokes-suite-1.2.0/bigtop-tests/smoke-tests/odpi-runtime/build/reports/tests/classes/org.apache.bigtop.itest.hadoop.odpi.TestSpecsRuntime.html
           Class org.apache.bigtop.itest.hadoop.odpi.TestSpecsRuntime

   all > org.apache.bigtop.itest.hadoop.odpi > TestSpecsRuntime

   45    0        0       53.800s  100%       
                                              
   tests failures ignored duration successful 

     * Tests
     * Standard output

Tests

   Test                              Duration Result 
   testAll[HADOOP_API1]              5.949s   passed 
   testAll[HADOOP_API2]              8.746s   passed 
   testAll[HADOOP_API3]              4.306s   passed 
   testAll[HADOOP_API4]              3.409s   passed 
   testAll[HADOOP_API5]              9.300s   passed 
   testAll[HADOOP_API6]              14.489s  passed 
   testAll[HADOOP_BINCONTENT_COMMON] 0.038s   passed 
   testAll[HADOOP_BINCONTENT_HDFS]   0.040s   passed 
   testAll[HADOOP_BINCONTENT_MAPRED] 0.011s   passed 
   testAll[HADOOP_BINCONTENT_YARN]   0.031s   passed 
   testAll[HADOOP_CNATIVE1]          0.909s   passed 
   testAll[HADOOP_CNATIVE2]          0.848s   passed 
   testAll[HADOOP_COMPRESSION]       0.836s   passed 
   testAll[HADOOP_DIRSTRUCT_COMMON]  0.322s   passed 
   testAll[HADOOP_DIRSTRUCT_HDFS]    0.141s   passed 
   testAll[HADOOP_DIRSTRUCT_MAPRED]  0.018s   passed 
   testAll[HADOOP_DIRSTRUCT_YARN]    0.094s   passed 
   testAll[HADOOP_EC1]               0.154s   passed 
   testAll[HADOOP_EC2]               0.056s   passed 
   testAll[HADOOP_EC3]               0.042s   passed 
   testAll[HADOOP_EC4]               0.034s   passed 
   testAll[HADOOP_EC5]               0s       passed 
   testAll[HADOOP_EH1]               0.118s   passed 
   testAll[HADOOP_EH2]               0.032s   passed 
   testAll[HADOOP_EH3]               0.029s   passed 
   testAll[HADOOP_EJH1]              0.019s   passed 
   testAll[HADOOP_EJH2_HADOOP]       0.023s   passed 
   testAll[HADOOP_EJH2_YARN]         0.007s   passed 
   testAll[HADOOP_EM1]               0s       passed 
   testAll[HADOOP_EM2]               0.181s   passed 
   testAll[HADOOP_EM3]               0.033s   passed 
   testAll[HADOOP_EY1]               0.132s   passed 
   testAll[HADOOP_EY2]               0.033s   passed 
   testAll[HADOOP_EY3]               0.032s   passed 
   testAll[HADOOP_GETCONF]           1.338s   passed 
   testAll[HADOOP_HNATIVE1]          0.025s   passed 
   testAll[HADOOP_JARCONTENT_COMMON] 0.062s   passed 
   testAll[HADOOP_JARCONTENT_HDFS]   0.035s   passed 
   testAll[HADOOP_JARCONTENT_MAPRED] 0.006s   passed 
   testAll[HADOOP_JARCONTENT_YARN]   0.032s   passed 
   testAll[HADOOP_MNATIVE1]          0.871s   passed 
   testAll[HADOOP_PLATVER]           0.894s   passed 
   testAll[HADOOP_SUBPROJS]          0.035s   passed 
   testAll[HADOOP_TOOLS]             0.061s   passed 
   testAll[HADOOP_YNATIVE1]          0.029s   passed 

Standard output

 Received report for jar hadoop-commonWARNING: org.apache.hadoop.log.EventCounter is deprecated. Please use org.apache.hadoop.log.metrics.EventCounter in all the log4j.properties files.
 SLF4J: Class path contains multiple SLF4J bindings.
 SLF4J: Found binding in [jar:file:/usr/lib/hadoop/lib/slf4j-log4j12-1.7.10.jar!/org/slf4j/impl/StaticLoggerBinder.class]
 SLF4J: Found binding in [jar:file:/usr/lib/tez/lib/slf4j-log4j12-1.7.5.jar!/org/slf4j/impl/StaticLoggerBinder.class]
 SLF4J: Found binding in [jar:file:/usr/lib/phoenix/phoenix-4.9.0-HBase-1.1-client.jar!/org/slf4j/impl/StaticLoggerBinder.class]
 SLF4J: Found binding in [jar:file:/usr/lib/phoenix/phoenix-4.9.0-HBase-1.1-hive.jar!/org/slf4j/impl/StaticLoggerBinder.class]
 SLF4J: Found binding in [jar:file:/usr/lib/phoenix/phoenix-4.9.0-HBase-1.1-pig.jar!/org/slf4j/impl/StaticLoggerBinder.class]
 SLF4J: Found binding in [jar:file:/usr/lib/phoenix/phoenix-4.9.0-HBase-1.1-thin-client.jar!/org/slf4j/impl/StaticLoggerBinder.class]
 SLF4J: See http://www.slf4j.org/codes.html#multiple_bindings for an explanation.
 SLF4J: Actual binding is of type [org.slf4j.impl.Log4jLoggerFactory]
 WARNING: org.apache.hadoop.metrics.jvm.EventCounter is deprecated. Please use org.apache.hadoop.log.metrics.EventCounter in all the log4j.properties files.
 Received report for jar hadoop-hdfsSLF4J: Class path contains multiple SLF4J bindings.
 SLF4J: Found binding in [jar:file:/usr/lib/hadoop/lib/slf4j-log4j12-1.7.10.jar!/org/slf4j/impl/StaticLoggerBinder.class]
 SLF4J: Found binding in [jar:file:/usr/lib/tez/lib/slf4j-log4j12-1.7.5.jar!/org/slf4j/impl/StaticLoggerBinder.class]
 SLF4J: Found binding in [jar:file:/usr/lib/phoenix/phoenix-4.9.0-HBase-1.1-client.jar!/org/slf4j/impl/StaticLoggerBinder.class]
 SLF4J: Found binding in [jar:file:/usr/lib/phoenix/phoenix-4.9.0-HBase-1.1-hive.jar!/org/slf4j/impl/StaticLoggerBinder.class]
 SLF4J: Found binding in [jar:file:/usr/lib/phoenix/phoenix-4.9.0-HBase-1.1-pig.jar!/org/slf4j/impl/StaticLoggerBinder.class]
 SLF4J: Found binding in [jar:file:/usr/lib/phoenix/phoenix-4.9.0-HBase-1.1-thin-client.jar!/org/slf4j/impl/StaticLoggerBinder.class]
 SLF4J: See http://www.slf4j.org/codes.html#multiple_bindings for an explanation.
 SLF4J: Actual binding is of type [org.slf4j.impl.Log4jLoggerFactory]
 Received report for jar hadoop-yarn-commonSLF4J: Class path contains multiple SLF4J bindings.
 SLF4J: Found binding in [jar:file:/usr/lib/hadoop/lib/slf4j-log4j12-1.7.10.jar!/org/slf4j/impl/StaticLoggerBinder.class]
 SLF4J: Found binding in [jar:file:/usr/lib/tez/lib/slf4j-log4j12-1.7.5.jar!/org/slf4j/impl/StaticLoggerBinder.class]
 SLF4J: Found binding in [jar:file:/usr/lib/phoenix/phoenix-4.9.0-HBase-1.1-client.jar!/org/slf4j/impl/StaticLoggerBinder.class]
 SLF4J: Found binding in [jar:file:/usr/lib/phoenix/phoenix-4.9.0-HBase-1.1-hive.jar!/org/slf4j/impl/StaticLoggerBinder.class]
 SLF4J: Found binding in [jar:file:/usr/lib/phoenix/phoenix-4.9.0-HBase-1.1-pig.jar!/org/slf4j/impl/StaticLoggerBinder.class]
 SLF4J: Found binding in [jar:file:/usr/lib/phoenix/phoenix-4.9.0-HBase-1.1-thin-client.jar!/org/slf4j/impl/StaticLoggerBinder.class]
 SLF4J: See http://www.slf4j.org/codes.html#multiple_bindings for an explanation.
 SLF4J: Actual binding is of type [org.slf4j.impl.Log4jLoggerFactory]

   Wrap lines [ ]
   Generated by Gradle 2.12 at Sep 1, 2017 1:39:36 PM

## /stage/bigtop-smokes-suite-1.2.0/bigtop-tests/smoke-tests/odpi-runtime/build/reports/tests/classes/org.apache.bigtop.itest.hive.TestBeeline.html
                 Class org.apache.bigtop.itest.hive.TestBeeline

   all > org.apache.bigtop.itest.hive > TestBeeline

   10    0        0       2m2.29s  100%       
                                              
   tests failures ignored duration successful 

     * Tests
     * Standard output
     * Standard error

Tests

   Test                             Duration Result 
   checkBeeline                     6.738s   passed 
   checkBeelineConnect              4.121s   passed 
   checkBeelineFastConnect          6.917s   passed 
   checkBeelineHelp                 3.339s   passed 
   checkBeelineHiveVar              18.340s  passed 
   checkBeelineInitFile             20.836s  passed 
   checkBeelineQueryExecFromCmdLine 16.794s  passed 
   checkBeelineQueryExecFromFile    36.048s  passed 
   checkBeelineShowHeader           4.487s   passed 
   checkBeelineVerbose              4.671s   passed 

Standard output

 Executing command:
 [/bin/sh, -c, rm -rf beeline*.sql]
 Executing command:
 [/bin/sh, -c, rm -rf connect.url]

Standard error

 17/09/01 13:15:06 INFO hive.TestBeeline: URL is jdbc:hive2://localhost:10000
 17/09/01 13:15:06 INFO hive.TestBeeline: User is hdfs
 17/09/01 13:15:06 INFO hive.TestBeeline: Passwd is hdfs
 17/09/01 13:15:06 INFO hive.TestBeeline: Passwd is null false

   Wrap lines [ ]
   Generated by Gradle 2.12 at Sep 1, 2017 1:39:36 PM

## /stage/bigtop-smokes-suite-1.2.0/bigtop-tests/smoke-tests/odpi-runtime/build/reports/tests/classes/org.apache.bigtop.itest.hive.TestCLI.html
                   Class org.apache.bigtop.itest.hive.TestCLI

   all > org.apache.bigtop.itest.hive > TestCLI

   11    0        0       18m53.81s 100%        
                                               
   tests failures ignored duration  successful 

     * Failed tests
     * Tests
     * Standard output

Tests

   Test                Duration Result 
   database            11m5.56s passed
   help                10.397s  passed 
   hiveConf            47.779s  passed 
   hiveVar             1m23.32s passed 
   initialization      50.020s  passed 
   silent              50.600s  passed 
   sqlFromCmdLine      51.847s  passed 
   sqlFromFiles        56.428s  passed 
   variableSubsitution 1m23.89s passed 
   verbose             33.979s  passed 

Standard output

 Executing command:
 [which, hive]
 Executing command:
 [hive, -e, "SHOW DATABASES", --hiveconf, javax.jdo.option.ConnectionURL=jdbc:derby:;databaseName=bigtop_metastore_db;create=true]
 Executing command:
 [hive, -e, "CREATE DATABASE bigtop_runtime_hive", --hiveconf, javax.jdo.option.ConnectionURL=jdbc:derby:;databaseName=bigtop_metastore_db;create=true]
 Executing command:
 [hive, -e, "DROP DATABASE bigtop_runtime_hive", --hiveconf, javax.jdo.option.ConnectionURL=jdbc:derby:;databaseName=bigtop_metastore_db;create=true]
 Executing command:
 [hive, --hiveconf, hive.root.logger=INFO,console, -e, "SHOW DATABASES", --hiveconf, javax.jdo.option.ConnectionURL=jdbc:derby:;databaseName=bigtop_metastore_db;create=true]
 Executing command:
 [hive, -hiveconf, hive.root.logger=INFO,console, -e, "SHOW DATABASES", --hiveconf, javax.jdo.option.ConnectionURL=jdbc:derby:;databaseName=bigtop_metastore_db;create=true]
 Executing command:
 [hive, -f, hive-f1.sql, --hiveconf, javax.jdo.option.ConnectionURL=jdbc:derby:;databaseName=bigtop_metastore_db;create=true]
 Executing command:
 [hive, -f, hive-f2.sql, --hiveconf, javax.jdo.option.ConnectionURL=jdbc:derby:;databaseName=bigtop_metastore_db;create=true]
 Executing command:
 [hive, -f, hive-f4.sql, --hiveconf, javax.jdo.option.ConnectionURL=jdbc:derby:;databaseName=bigtop_metastore_db;create=true]
 Executing command:
 [hive, -e, "SHOW DATABASES", --hiveconf, javax.jdo.option.ConnectionURL=jdbc:derby:;databaseName=bigtop_metastore_db;create=true]
 Executing command:
 [hive, -e, "CREATE DATABASE bigtop_runtime_hive", --hiveconf, javax.jdo.option.ConnectionURL=jdbc:derby:;databaseName=bigtop_metastore_db;create=true]
 Executing command:
 [/bin/sh, -c, hive -d A=DATABASES --hiveconf 'javax.jdo.option.ConnectionURL=jdbc:derby:;databaseName=bigtop_metastore_db;create=true' < hive-define.sql]
 Executing command:
 [/bin/sh, -c, hive --define A=DATABASES --hiveconf 'javax.jdo.option.ConnectionURL=jdbc:derby:;databaseName=bigtop_metastore_db;create=true' < hive-define.sql]
 Executing command:
 [hive, -e, "DROP DATABASE bigtop_runtime_hive", --hiveconf, javax.jdo.option.ConnectionURL=jdbc:derby:;databaseName=bigtop_metastore_db;create=true]
 Executing command:
 [hive, -e, "SHOW DATABASES", -S, --hiveconf, javax.jdo.option.ConnectionURL=jdbc:derby:;databaseName=bigtop_metastore_db;create=true]
 Executing command:
 [hive, -e, "SHOW DATABASES", --silent, --hiveconf, javax.jdo.option.ConnectionURL=jdbc:derby:;databaseName=bigtop_metastore_db;create=true]
 Executing command:
 [hive, -H]
 Executing command:
 [hive, --help]
 Executing command:
 [hive, -U]
 Executing command:
 [hive, -e, "SHOW DATABASES", -v, --hiveconf, javax.jdo.option.ConnectionURL=jdbc:derby:;databaseName=bigtop_metastore_db;create=true]
 Executing command:
 [hive, -e, "SHOW DATABASES", --verbose, --hiveconf, javax.jdo.option.ConnectionURL=jdbc:derby:;databaseName=bigtop_metastore_db;create=true]
 Executing command:
 [hive, -e, "SHOW DATABASES", --hiveconf, javax.jdo.option.ConnectionURL=jdbc:derby:;databaseName=bigtop_metastore_db;create=true]
 Executing command:
 [hive, -e, "CREATE DATABASE bigtop_runtime_hive", --hiveconf, javax.jdo.option.ConnectionURL=jdbc:derby:;databaseName=bigtop_metastore_db;create=true]
 Executing command:
 [/bin/sh, -c, hive --hivevar A=DATABASES --hiveconf 'javax.jdo.option.ConnectionURL=jdbc:derby:;databaseName=bigtop_metastore_db;create=true' < hive-var.sql]
 Executing command:
 [/bin/sh, -c, hive --hiveconf A=DATABASES --hiveconf 'javax.jdo.option.ConnectionURL=jdbc:derby:;databaseName=bigtop_metastore_db;create=true' < hiveconf-var.sql]
 Executing command:
 [hive, -e, "DROP DATABASE bigtop_runtime_hive", --hiveconf, javax.jdo.option.ConnectionURL=jdbc:derby:;databaseName=bigtop_metastore_db;create=true]
 Executing command:
 [hive, -e, "SHOW DATABASES", --hiveconf, javax.jdo.option.ConnectionURL=jdbc:derby:;databaseName=bigtop_metastore_db;create=true]
 Executing command:
 [hive, -e, "CREATE DATABASE bigtop_runtime_hive", --hiveconf, javax.jdo.option.ConnectionURL=jdbc:derby:;databaseName=bigtop_metastore_db;create=true]
 Executing command:
 [hive, --database, bigtop_runtime_hive_1234, -e, "CREATE TABLE bigtop ( MYID INT );", --hiveconf, javax.jdo.option.ConnectionURL=jdbc:derby:;databaseName=bigtop_metastore_db;create=true]
 Executing command:
 [hive, --database, bigtop_runtime_hive, -e, "CREATE TABLE bigtop ( MYID INT );", --hiveconf, javax.jdo.option.ConnectionURL=jdbc:derby:;databaseName=bigtop_metastore_db;create=true]
 Executing command:
 [hive, -e, "SHOW DATABASES", --hiveconf, javax.jdo.option.ConnectionURL=jdbc:derby:;databaseName=bigtop_metastore_db;create=true]
 Executing command:
 [hive, -i, hive-init2.sql, -e, "SHOW DATABASES", --hiveconf, javax.jdo.option.ConnectionURL=jdbc:derby:;databaseName=bigtop_metastore_db;create=true]
 Executing command:
 [hive, -e, "DROP DATABASE bigtop_runtime_hive", --hiveconf, javax.jdo.option.ConnectionURL=jdbc:derby:;databaseName=bigtop_metastore_db;create=true]
 Executing command:
 [hive, -e, "DROP DATABASE bigtop_runtime_hive", --hiveconf, javax.jdo.option.ConnectionURL=jdbc:derby:;databaseName=bigtop_metastore_db;create=true]
 Executing command:
 [/bin/sh, -c, rm -rf hive-f*.sql]
 Executing command:
 [/bin/sh, -c, rm -rf hive-init*.sql]
 Executing command:
 [/bin/sh, -c, rm -rf hive-define.sql]
 Executing command:
 [/bin/sh, -c, rm -rf hive-var.sql]
 Executing command:
 [/bin/sh, -c, rm -rf hiveconf-var.sql]

   Wrap lines [ ]
   Generated by Gradle 2.12 at Sep 1, 2017 1:39:36 PM

## /stage/bigtop-smokes-suite-1.2.0/bigtop-tests/smoke-tests/odpi-runtime/build/reports/tests/classes/org.apache.bigtop.itest.hive.TestHCatalog.html
                Class org.apache.bigtop.itest.hive.TestHCatalog

   all > org.apache.bigtop.itest.hive > TestHCatalog

   1     0        0       1m2.82s  100%       
                                              
   tests failures ignored duration successful 

     * Tests
     * Standard output
     * Standard error

Tests

   Test                        Duration Result 
   hcatInputFormatOutputFormat 1m2.82s  passed 

Standard output

 Executing command:
 [hive, --service, jar, /stage/bigtop-smokes-suite-1.2.0/bigtop-tests/smoke-tests/odpi-runtime/build/libs/odpi-runtime-1.2.0.jar, org.apache.bigtop.itest.hive.HCatalogMR, -it, bigtop_hcat_input_table_1173745742, -ot, bigtop_hcat_output_table_480322121, -is, line:string, -os, word:string,count:int]

Standard error

 17/09/01 13:36:25 INFO hive.metastore: Trying to connect to metastore with URI thrift://adh15-ean-s4rm.c.arenadata-test.internal:9083
 17/09/01 13:36:26 WARN util.NativeCodeLoader: Unable to load native-hadoop library for your platform... using builtin-java classes where applicable
 17/09/01 13:36:26 INFO hive.metastore: Connected to metastore.
 17/09/01 13:36:28 WARN shortcircuit.DomainSocketFactory: The short-circuit local reads feature cannot be used because libhadoop cannot be loaded.
 17/09/01 13:37:28 INFO hive.TestHCatalog: {exitValue=0, outputStream=ls: cannot access /usr/lib/spark/lib/spark-assembly-*.jar: No such file or directory
 SLF4J: Class path contains multiple SLF4J bindings.
 SLF4J: Found binding in [jar:file:/usr/lib/hadoop/lib/slf4j-log4j12-1.7.10.jar!/org/slf4j/impl/StaticLoggerBinder.class]
 SLF4J: Found binding in [jar:file:/usr/lib/tez/lib/slf4j-log4j12-1.7.5.jar!/org/slf4j/impl/StaticLoggerBinder.class]
 SLF4J: Found binding in [jar:file:/usr/lib/phoenix/phoenix-4.9.0-HBase-1.1-client.jar!/org/slf4j/impl/StaticLoggerBinder.class]
 SLF4J: Found binding in [jar:file:/usr/lib/phoenix/phoenix-4.9.0-HBase-1.1-hive.jar!/org/slf4j/impl/StaticLoggerBinder.class]
 SLF4J: Found binding in [jar:file:/usr/lib/phoenix/phoenix-4.9.0-HBase-1.1-pig.jar!/org/slf4j/impl/StaticLoggerBinder.class]
 SLF4J: Found binding in [jar:file:/usr/lib/phoenix/phoenix-4.9.0-HBase-1.1-thin-client.jar!/org/slf4j/impl/StaticLoggerBinder.class]
 SLF4J: See http://www.slf4j.org/codes.html#multiple_bindings for an explanation.
 SLF4J: Actual binding is of type [org.slf4j.impl.Log4jLoggerFactory]
 0    [main] INFO  hive.metastore  - Trying to connect to metastore with URI thrift://adh15-ean-s4rm.c.arenadata-test.internal:9083
 39   [main] INFO  hive.metastore  - Connected to metastore.
 }

   Wrap lines [ ]
   Generated by Gradle 2.12 at Sep 1, 2017 1:39:36 PM

## /stage/bigtop-smokes-suite-1.2.0/bigtop-tests/smoke-tests/odpi-runtime/build/reports/tests/classes/org.apache.bigtop.itest.hive.TestJdbc.html
                  Class org.apache.bigtop.itest.hive.TestJdbc

   all > org.apache.bigtop.itest.hive > TestJdbc

   5     0        0       27.640s  100%       
                                              
   tests failures ignored duration successful 

     * Tests
     * Standard error

Tests

   Test                     Duration Result 
   databaseMetaDataCalls    0.154s   passed 
   nonStatementCalls        0.489s   passed 
   preparedStmtAndResultSet 5.622s   passed 
   setSchema                0.424s   passed 
   statement                20.951s  passed 

Standard error

 17/09/01 13:37:29 INFO jdbc.Utils: Supplied authorities: localhost:10000
 17/09/01 13:37:29 INFO jdbc.Utils: Resolved authority: localhost:10000
 17/09/01 13:37:29 INFO jdbc.HiveConnection: Will try to open client transport with JDBC Uri: jdbc:hive2://localhost:10000

   Wrap lines [ ]
   Generated by Gradle 2.12 at Sep 1, 2017 1:39:36 PM

## /stage/bigtop-smokes-suite-1.2.0/bigtop-tests/smoke-tests/odpi-runtime/build/reports/tests/classes/org.apache.bigtop.itest.hive.TestSql.html
                   Class org.apache.bigtop.itest.hive.TestSql

   all > org.apache.bigtop.itest.hive > TestSql

   8     0        0       40.661s  100%       
                                              
   tests failures ignored duration successful 

     * Tests
     * Standard error

Tests

   Test             Duration Result 
   cte              0.192s   passed 
   db               0.235s   passed 
   function         0.073s   passed 
   insert           3.570s   passed 
   partitionedTable 26.796s  passed 
   select           1.128s   passed 
   table            7.996s   passed 
   view             0.671s   passed 

Standard error

 17/09/01 13:37:57 INFO jdbc.Utils: Supplied authorities: localhost:10000
 17/09/01 13:37:57 INFO jdbc.Utils: Resolved authority: localhost:10000
 17/09/01 13:37:57 INFO jdbc.HiveConnection: Will try to open client transport with JDBC Uri: jdbc:hive2://localhost:10000

   Wrap lines [ ]
   Generated by Gradle 2.12 at Sep 1, 2017 1:39:36 PM

## /stage/bigtop-smokes-suite-1.2.0/bigtop-tests/smoke-tests/odpi-runtime/build/reports/tests/classes/org.apache.bigtop.itest.hive.TestThrift.html
                 Class org.apache.bigtop.itest.hive.TestThrift

   all > org.apache.bigtop.itest.hive > TestThrift

   3     0        0       1.825s   100%       
                                              
   tests failures ignored duration successful 

     * Tests
     * Standard error

Tests

   Test                Duration Result 
   db                  0.103s   passed 
   nonPartitionedTable 0.370s   passed 
   partitionedTable    1.352s   passed 

Standard error

 17/09/01 13:38:38 INFO hive.TestThrift: Set to test against metastore at thrift://localhost:9083
 17/09/01 13:38:38 INFO hive.metastore: Trying to connect to metastore with URI thrift://localhost:9083
 17/09/01 13:38:38 INFO hive.metastore: Connected to metastore.

   Wrap lines [ ]
   Generated by Gradle 2.12 at Sep 1, 2017 1:39:36 PM

